#
# There is insufficient memory for the Java Runtime Environment to continue.
# Native memory allocation (mmap) failed to map 524288000 bytes for committing reserved memory.
# Possible reasons:
#   The system is out of physical RAM or swap space
#   The process is running with CompressedOops enabled, and the Java Heap may be blocking the growth of the native heap
# Possible solutions:
#   Reduce memory load on the system
#   Increase physical memory or swap space
#   Check if swap backing store is full
#   Decrease Java heap size (-Xmx/-Xms)
#   Decrease number of Java threads
#   Decrease Java thread stack sizes (-Xss)
#   Set larger code cache with -XX:ReservedCodeCacheSize=
#   JVM is running with Zero Based Compressed Oops mode in which the Java heap is
#     placed in the first 32GB address space. The Java Heap base address is the
#     maximum limit for the native heap growth. Please use -XX:HeapBaseMinAddress
#     to set the Java Heap base and to place the Java Heap above 32GB virtual address.
# This output file may be truncated or incomplete.
#
#  Out of Memory Error (os_linux.cpp:2720), pid=7437, tid=7459
#
# JRE version: Java(TM) SE Runtime Environment (11.0.2+9) (build 11.0.2+9-LTS)
# Java VM: Java HotSpot(TM) 64-Bit Server VM (11.0.2+9-LTS, mixed mode, tiered, compressed oops, g1 gc, linux-amd64)
# Core dump will be written. Default location: Core dumps may be processed with "/usr/share/apport/apport %p %s %c %d %P" (or dumping to /app/simios/project-simios-ml/core.7437)
#

---------------  S U M M A R Y ------------

Command Line: -Dmaven.home=/app/simios -Dmaven.multiModuleProjectDirectory=/app/simios/project-simios-ml org.apache.maven.wrapper.MavenWrapperMain spring-boot:run

Host: Intel(R) Core(TM) i7-8550U CPU @ 1.80GHz, 8 cores, 15G, Ubuntu 18.04.2 LTS
Time: Mon Jul 29 09:37:18 2019 -03 elapsed time: 179 seconds (0d 0h 2m 59s)

---------------  T H R E A D  ---------------

Current thread (0x00007fd41c1fd800):  VMThread "VM Thread" [stack: 0x00007fd3ef0f8000,0x00007fd3ef1f8000] [id=7459]

Stack: [0x00007fd3ef0f8000,0x00007fd3ef1f8000],  sp=0x00007fd3ef1f5f10,  free space=1015k
Native frames: (J=compiled Java code, A=aot compiled Java code, j=interpreted, Vv=VM code, C=native code)
V  [libjvm.so+0xe293b7]  VMError::report_and_die(int, char const*, char const*, __va_list_tag*, Thread*, unsigned char*, void*, void*, char const*, int, unsigned long)+0x317
V  [libjvm.so+0xe2a01b]  VMError::report_and_die(Thread*, char const*, int, unsigned long, VMErrorType, char const*, __va_list_tag*)+0x2b
V  [libjvm.so+0x69a4c5]  report_vm_out_of_memory(char const*, int, unsigned long, VMErrorType, char const*, ...)+0xd5
V  [libjvm.so+0xc03898]  os::pd_commit_memory_or_exit(char*, unsigned long, unsigned long, bool, char const*)+0x108
V  [libjvm.so+0xbfadfd]  os::commit_memory_or_exit(char*, unsigned long, unsigned long, bool, char const*)+0x1d
V  [libjvm.so+0x7b321c]  G1PageBasedVirtualSpace::commit_preferred_pages(unsigned long, unsigned long)+0x6c
V  [libjvm.so+0x7b34be]  G1PageBasedVirtualSpace::commit(unsigned long, unsigned long)+0x5e
V  [libjvm.so+0x7bf290]  G1RegionsLargerThanCommitSizeMapper::commit_regions(unsigned int, unsigned long, WorkGang*)+0x40
V  [libjvm.so+0x83acd9]  HeapRegionManager::commit_regions(unsigned int, unsigned long, WorkGang*)+0x89
V  [libjvm.so+0x83b92f]  HeapRegionManager::make_regions_available(unsigned int, unsigned int, WorkGang*)+0x3f
V  [libjvm.so+0x83bdb9]  HeapRegionManager::expand_at(unsigned int, unsigned int, WorkGang*) [clone .part.44]+0x119
V  [libjvm.so+0x777d3f]  G1CollectedHeap::expand(unsigned long, WorkGang*, double*)+0xdf
V  [libjvm.so+0x77ca7a]  G1CollectedHeap::do_collection_pause_at_safepoint(double)+0xa0a
V  [libjvm.so+0xe34fc1]  VM_G1CollectForAllocation::doit()+0x81
V  [libjvm.so+0xe33b57]  VM_Operation::evaluate()+0xe7
V  [libjvm.so+0xe3133f]  VMThread::evaluate_operation(VM_Operation*) [clone .constprop.54]+0xff
V  [libjvm.so+0xe31876]  VMThread::loop()+0x3e6
V  [libjvm.so+0xe31cbb]  VMThread::run()+0x7b
V  [libjvm.so+0xc09750]  thread_native_entry(Thread*)+0xf0

VM_Operation (0x00007fd4233883d0): G1CollectForAllocation, mode: safepoint, requested by thread 0x00007fd41c012000


---------------  P R O C E S S  ---------------

Threads class SMR info:
_java_thread_list=0x00007fd3c4560360, length=10, elements={
0x00007fd41c012000, 0x00007fd41c205800, 0x00007fd41c209800, 0x00007fd41c21c000,
0x00007fd41c21e800, 0x00007fd41c220800, 0x00007fd41c222800, 0x00007fd41c2c1000,
0x00007fd41c2d5000, 0x00007fd3c4559800
}

Java Threads: ( => current thread )
  0x00007fd41c012000 JavaThread "main" [_thread_blocked, id=7453, stack(0x00007fd42328c000,0x00007fd42338d000)]
  0x00007fd41c205800 JavaThread "Reference Handler" daemon [_thread_blocked, id=7460, stack(0x00007fd3eeff5000,0x00007fd3ef0f6000)]
  0x00007fd41c209800 JavaThread "Finalizer" daemon [_thread_blocked, id=7461, stack(0x00007fd3eeef4000,0x00007fd3eeff5000)]
  0x00007fd41c21c000 JavaThread "Signal Dispatcher" daemon [_thread_blocked, id=7462, stack(0x00007fd3ee424000,0x00007fd3ee525000)]
  0x00007fd41c21e800 JavaThread "C2 CompilerThread0" daemon [_thread_blocked, id=7463, stack(0x00007fd3ee323000,0x00007fd3ee424000)]
  0x00007fd41c220800 JavaThread "C1 CompilerThread0" daemon [_thread_blocked, id=7464, stack(0x00007fd3ee222000,0x00007fd3ee323000)]
  0x00007fd41c222800 JavaThread "Sweeper thread" daemon [_thread_blocked, id=7465, stack(0x00007fd3ee121000,0x00007fd3ee222000)]
  0x00007fd41c2c1000 JavaThread "Service Thread" daemon [_thread_blocked, id=7466, stack(0x00007fd3ee020000,0x00007fd3ee121000)]
  0x00007fd41c2d5000 JavaThread "Common-Cleaner" daemon [_thread_blocked, id=7468, stack(0x00007fd3ede1d000,0x00007fd3edf1e000)]
  0x00007fd3c4559800 JavaThread "C2 CompilerThread1" daemon [_thread_blocked, id=7535, stack(0x00007fd3ed4ad000,0x00007fd3ed5ae000)]

Other Threads:
=>0x00007fd41c1fd800 VMThread "VM Thread" [stack: 0x00007fd3ef0f8000,0x00007fd3ef1f8000] [id=7459]
  0x00007fd41c2cb800 WatcherThread [stack: 0x00007fd3edf20000,0x00007fd3ee020000] [id=7467]
  0x00007fd41c03a000 GCTaskThread "GC Thread#0" [stack: 0x00007fd404335000,0x00007fd404435000] [id=7454]
  0x00007fd3e0001000 GCTaskThread "GC Thread#1" [stack: 0x00007fd3ec785000,0x00007fd3ec885000] [id=7475]
  0x00007fd3e0002000 GCTaskThread "GC Thread#2" [stack: 0x00007fd3ec683000,0x00007fd3ec783000] [id=7476]
  0x00007fd3e0003800 GCTaskThread "GC Thread#3" [stack: 0x00007fd3ec581000,0x00007fd3ec681000] [id=7477]
  0x00007fd3e0005000 GCTaskThread "GC Thread#4" [stack: 0x00007fd3ec47f000,0x00007fd3ec57f000] [id=7478]
  0x00007fd3e0006800 GCTaskThread "GC Thread#5" [stack: 0x00007fd3ec37d000,0x00007fd3ec47d000] [id=7479]
  0x00007fd41c098000 ConcurrentGCThread "G1 Main Marker" [stack: 0x00007fd3f6548000,0x00007fd3f6648000] [id=7455]
  0x00007fd41c099800 ConcurrentGCThread "G1 Conc#0" [stack: 0x00007fd3f6446000,0x00007fd3f6546000] [id=7456]
  0x00007fd3f0001000 ConcurrentGCThread "G1 Conc#1" [stack: 0x00007fd39b5fc000,0x00007fd39b6fc000] [id=7486]
  0x00007fd41c199800 ConcurrentGCThread "G1 Refine#0" [stack: 0x00007fd3efafc000,0x00007fd3efbfc000] [id=7457]
  0x00007fd3e4001000 ConcurrentGCThread "G1 Refine#1" [stack: 0x00007fd39b0fa000,0x00007fd39b1fa000] [id=7489]
  0x00007fd384001000 ConcurrentGCThread "G1 Refine#2" [stack: 0x00007fd39aff8000,0x00007fd39b0f8000] [id=7490]
  0x00007fd388001000 ConcurrentGCThread "G1 Refine#3" [stack: 0x00007fd39aef6000,0x00007fd39aff6000] [id=7491]
  0x00007fd41c19b000 ConcurrentGCThread "G1 Young RemSet Sampling" [stack: 0x00007fd3ef9fa000,0x00007fd3efafa000] [id=7458]

Threads with active compile tasks:
C2 CompilerThread03677   !   4       org.apache.maven.model.Plugin::clone (204 bytes)
C1 CompilerThread03690       3       org.eclipse.aether.artifact.AbstractArtifact::equals (141 bytes)

VM state:at safepoint (normal execution)

VM Mutex/Monitor currently owned by a thread:  ([mutex/lock_event])
[0x00007fd41c00e030] Threads_lock - owner thread: 0x00007fd41c1fd800
[0x00007fd41c00e780] Heap_lock - owner thread: 0x00007fd41c012000

Heap address: 0x0000000707400000, size: 3980 MB, Compressed Oops mode: Zero based, Oop shift amount: 3
Narrow klass base: 0x0000000800000000, Narrow klass shift: 0
Compressed class space size: 1073741824 Address: 0x0000000800000000

Heap:
 garbage-first heap   total 768000K, used 19691K [0x0000000707400000, 0x0000000800000000)
  region size 1024K, 1 young (1024K), 1 survivors (1024K)
 Metaspace       used 26945K, capacity 27388K, committed 27904K, reserved 1075200K
  class space    used 2896K, capacity 3046K, committed 3072K, reserved 1048576K
Heap Regions: E=young(eden), S=young(survivor), O=old, HS=humongous(starts), HC=humongous(continues), CS=collection set, F=free, A=archive, TAMS=top-at-mark-start (previous, next)
|   0|0x0000000707400000, 0x0000000707500000, 0x0000000707500000|100%| O|  |TAMS 0x0000000707400000, 0x0000000707400000| Untracked 
|   1|0x0000000707500000, 0x0000000707600000, 0x0000000707600000|100%| O|  |TAMS 0x0000000707500000, 0x0000000707500000| Untracked 
|   2|0x0000000707600000, 0x0000000707700000, 0x0000000707700000|100%| O|  |TAMS 0x0000000707600000, 0x0000000707600000| Untracked 
|   3|0x0000000707700000, 0x0000000707800000, 0x0000000707800000|100%| O|  |TAMS 0x0000000707700000, 0x0000000707700000| Untracked 
|   4|0x0000000707800000, 0x0000000707900000, 0x0000000707900000|100%| O|  |TAMS 0x0000000707800000, 0x0000000707800000| Untracked 
|   5|0x0000000707900000, 0x0000000707a00000, 0x0000000707a00000|100%| O|  |TAMS 0x0000000707900000, 0x0000000707900000| Untracked 
|   6|0x0000000707a00000, 0x0000000707b00000, 0x0000000707b00000|100%| O|  |TAMS 0x0000000707a00000, 0x0000000707a00000| Untracked 
|   7|0x0000000707b00000, 0x0000000707c00000, 0x0000000707c00000|100%| O|  |TAMS 0x0000000707b00000, 0x0000000707b00000| Untracked 
|   8|0x0000000707c00000, 0x0000000707d00000, 0x0000000707d00000|100%| O|  |TAMS 0x0000000707c00000, 0x0000000707c00000| Untracked 
|   9|0x0000000707d00000, 0x0000000707e00000, 0x0000000707e00000|100%| O|  |TAMS 0x0000000707d00000, 0x0000000707d00000| Untracked 
|  10|0x0000000707e00000, 0x0000000707f00000, 0x0000000707f00000|100%| O|  |TAMS 0x0000000707e00000, 0x0000000707e00000| Untracked 
|  11|0x0000000707f00000, 0x0000000708000000, 0x0000000708000000|100%| O|  |TAMS 0x0000000707f00000, 0x0000000707f00000| Untracked 
|  12|0x0000000708000000, 0x0000000708100000, 0x0000000708100000|100%| O|  |TAMS 0x0000000708000000, 0x0000000708000000| Untracked 
|  13|0x0000000708100000, 0x0000000708200000, 0x0000000708200000|100%| O|  |TAMS 0x0000000708100000, 0x0000000708100000| Untracked 
|  14|0x0000000708200000, 0x0000000708300000, 0x0000000708300000|100%| O|  |TAMS 0x0000000708200000, 0x0000000708200000| Untracked 
|  15|0x0000000708300000, 0x0000000708400000, 0x0000000708400000|100%| O|  |TAMS 0x0000000708300000, 0x0000000708300000| Untracked 
|  16|0x0000000708400000, 0x0000000708500000, 0x0000000708500000|100%| O|  |TAMS 0x0000000708400000, 0x0000000708400000| Untracked 
|  17|0x0000000708500000, 0x0000000708600000, 0x0000000708600000|100%| O|  |TAMS 0x0000000708500000, 0x0000000708500000| Untracked 
|  18|0x0000000708600000, 0x00000007086c2800, 0x0000000708700000| 75%| O|  |TAMS 0x0000000708600000, 0x0000000708600000| Untracked 
|  19|0x0000000708700000, 0x0000000708700000, 0x0000000708800000|  0%| F|  |TAMS 0x0000000708700000, 0x0000000708700000| Untracked 
|  20|0x0000000708800000, 0x0000000708800000, 0x0000000708900000|  0%| F|  |TAMS 0x0000000708800000, 0x0000000708800000| Untracked 
|  21|0x0000000708900000, 0x0000000708900000, 0x0000000708a00000|  0%| F|  |TAMS 0x0000000708900000, 0x0000000708900000| Untracked 
|  22|0x0000000708a00000, 0x0000000708a00000, 0x0000000708b00000|  0%| F|  |TAMS 0x0000000708a00000, 0x0000000708a00000| Untracked 
|  23|0x0000000708b00000, 0x0000000708b00000, 0x0000000708c00000|  0%| F|  |TAMS 0x0000000708b00000, 0x0000000708b00000| Untracked 
|  24|0x0000000708c00000, 0x0000000708c00000, 0x0000000708d00000|  0%| F|  |TAMS 0x0000000708c00000, 0x0000000708c00000| Untracked 
|  25|0x0000000708d00000, 0x0000000708d00000, 0x0000000708e00000|  0%| F|  |TAMS 0x0000000708d00000, 0x0000000708d00000| Untracked 
|  26|0x0000000708e00000, 0x0000000708e00000, 0x0000000708f00000|  0%| F|  |TAMS 0x0000000708e00000, 0x0000000708e00000| Untracked 
|  27|0x0000000708f00000, 0x0000000708f00000, 0x0000000709000000|  0%| F|  |TAMS 0x0000000708f00000, 0x0000000708f00000| Untracked 
|  28|0x0000000709000000, 0x0000000709000000, 0x0000000709100000|  0%| F|  |TAMS 0x0000000709000000, 0x0000000709000000| Untracked 
|  29|0x0000000709100000, 0x0000000709100000, 0x0000000709200000|  0%| F|  |TAMS 0x0000000709100000, 0x0000000709100000| Untracked 
|  30|0x0000000709200000, 0x0000000709200000, 0x0000000709300000|  0%| F|  |TAMS 0x0000000709200000, 0x0000000709200000| Untracked 
|  31|0x0000000709300000, 0x0000000709300000, 0x0000000709400000|  0%| F|  |TAMS 0x0000000709300000, 0x0000000709300000| Untracked 
|  32|0x0000000709400000, 0x0000000709400000, 0x0000000709500000|  0%| F|  |TAMS 0x0000000709400000, 0x0000000709400000| Untracked 
|  33|0x0000000709500000, 0x0000000709500000, 0x0000000709600000|  0%| F|  |TAMS 0x0000000709500000, 0x0000000709500000| Untracked 
|  34|0x0000000709600000, 0x0000000709600000, 0x0000000709700000|  0%| F|  |TAMS 0x0000000709600000, 0x0000000709600000| Untracked 
|  35|0x0000000709700000, 0x0000000709700000, 0x0000000709800000|  0%| F|  |TAMS 0x0000000709700000, 0x0000000709700000| Untracked 
|  36|0x0000000709800000, 0x0000000709800000, 0x0000000709900000|  0%| F|  |TAMS 0x0000000709800000, 0x0000000709800000| Untracked 
|  37|0x0000000709900000, 0x0000000709900000, 0x0000000709a00000|  0%| F|  |TAMS 0x0000000709900000, 0x0000000709900000| Untracked 
|  38|0x0000000709a00000, 0x0000000709a00000, 0x0000000709b00000|  0%| F|  |TAMS 0x0000000709a00000, 0x0000000709a00000| Untracked 
|  39|0x0000000709b00000, 0x0000000709b00000, 0x0000000709c00000|  0%| F|  |TAMS 0x0000000709b00000, 0x0000000709b00000| Untracked 
|  40|0x0000000709c00000, 0x0000000709c00000, 0x0000000709d00000|  0%| F|  |TAMS 0x0000000709c00000, 0x0000000709c00000| Untracked 
|  41|0x0000000709d00000, 0x0000000709d00000, 0x0000000709e00000|  0%| F|  |TAMS 0x0000000709d00000, 0x0000000709d00000| Untracked 
|  42|0x0000000709e00000, 0x0000000709e00000, 0x0000000709f00000|  0%| F|  |TAMS 0x0000000709e00000, 0x0000000709e00000| Untracked 
|  43|0x0000000709f00000, 0x0000000709f00000, 0x000000070a000000|  0%| F|  |TAMS 0x0000000709f00000, 0x0000000709f00000| Untracked 
|  44|0x000000070a000000, 0x000000070a000000, 0x000000070a100000|  0%| F|  |TAMS 0x000000070a000000, 0x000000070a000000| Untracked 
|  45|0x000000070a100000, 0x000000070a100000, 0x000000070a200000|  0%| F|  |TAMS 0x000000070a100000, 0x000000070a100000| Untracked 
|  46|0x000000070a200000, 0x000000070a200000, 0x000000070a300000|  0%| F|  |TAMS 0x000000070a200000, 0x000000070a200000| Untracked 
|  47|0x000000070a300000, 0x000000070a300000, 0x000000070a400000|  0%| F|  |TAMS 0x000000070a300000, 0x000000070a300000| Untracked 
|  48|0x000000070a400000, 0x000000070a400000, 0x000000070a500000|  0%| F|  |TAMS 0x000000070a400000, 0x000000070a400000| Untracked 
|  49|0x000000070a500000, 0x000000070a500000, 0x000000070a600000|  0%| F|  |TAMS 0x000000070a500000, 0x000000070a500000| Untracked 
|  50|0x000000070a600000, 0x000000070a600000, 0x000000070a700000|  0%| F|  |TAMS 0x000000070a600000, 0x000000070a600000| Untracked 
|  51|0x000000070a700000, 0x000000070a700000, 0x000000070a800000|  0%| F|  |TAMS 0x000000070a700000, 0x000000070a700000| Untracked 
|  52|0x000000070a800000, 0x000000070a800000, 0x000000070a900000|  0%| F|  |TAMS 0x000000070a800000, 0x000000070a800000| Untracked 
|  53|0x000000070a900000, 0x000000070a900000, 0x000000070aa00000|  0%| F|  |TAMS 0x000000070a900000, 0x000000070a900000| Untracked 
|  54|0x000000070aa00000, 0x000000070aa00000, 0x000000070ab00000|  0%| F|  |TAMS 0x000000070aa00000, 0x000000070aa00000| Untracked 
|  55|0x000000070ab00000, 0x000000070ab00000, 0x000000070ac00000|  0%| F|  |TAMS 0x000000070ab00000, 0x000000070ab00000| Untracked 
|  56|0x000000070ac00000, 0x000000070ac00000, 0x000000070ad00000|  0%| F|  |TAMS 0x000000070ac00000, 0x000000070ac00000| Untracked 
|  57|0x000000070ad00000, 0x000000070ad00000, 0x000000070ae00000|  0%| F|  |TAMS 0x000000070ad00000, 0x000000070ad00000| Untracked 
|  58|0x000000070ae00000, 0x000000070ae00000, 0x000000070af00000|  0%| F|  |TAMS 0x000000070ae00000, 0x000000070ae00000| Untracked 
|  59|0x000000070af00000, 0x000000070af00000, 0x000000070b000000|  0%| F|  |TAMS 0x000000070af00000, 0x000000070af00000| Untracked 
|  60|0x000000070b000000, 0x000000070b000000, 0x000000070b100000|  0%| F|  |TAMS 0x000000070b000000, 0x000000070b000000| Untracked 
|  61|0x000000070b100000, 0x000000070b100000, 0x000000070b200000|  0%| F|  |TAMS 0x000000070b100000, 0x000000070b100000| Untracked 
|  62|0x000000070b200000, 0x000000070b200000, 0x000000070b300000|  0%| F|  |TAMS 0x000000070b200000, 0x000000070b200000| Untracked 
|  63|0x000000070b300000, 0x000000070b300000, 0x000000070b400000|  0%| F|  |TAMS 0x000000070b300000, 0x000000070b300000| Untracked 
|  64|0x000000070b400000, 0x000000070b400000, 0x000000070b500000|  0%| F|  |TAMS 0x000000070b400000, 0x000000070b400000| Untracked 
|  65|0x000000070b500000, 0x000000070b500000, 0x000000070b600000|  0%| F|  |TAMS 0x000000070b500000, 0x000000070b500000| Untracked 
|  66|0x000000070b600000, 0x000000070b600000, 0x000000070b700000|  0%| F|  |TAMS 0x000000070b600000, 0x000000070b600000| Untracked 
|  67|0x000000070b700000, 0x000000070b700000, 0x000000070b800000|  0%| F|  |TAMS 0x000000070b700000, 0x000000070b700000| Untracked 
|  68|0x000000070b800000, 0x000000070b800000, 0x000000070b900000|  0%| F|  |TAMS 0x000000070b800000, 0x000000070b800000| Untracked 
|  69|0x000000070b900000, 0x000000070b900000, 0x000000070ba00000|  0%| F|  |TAMS 0x000000070b900000, 0x000000070b900000| Untracked 
|  70|0x000000070ba00000, 0x000000070ba00000, 0x000000070bb00000|  0%| F|  |TAMS 0x000000070ba00000, 0x000000070ba00000| Untracked 
|  71|0x000000070bb00000, 0x000000070bb00000, 0x000000070bc00000|  0%| F|  |TAMS 0x000000070bb00000, 0x000000070bb00000| Untracked 
|  72|0x000000070bc00000, 0x000000070bc00000, 0x000000070bd00000|  0%| F|  |TAMS 0x000000070bc00000, 0x000000070bc00000| Untracked 
|  73|0x000000070bd00000, 0x000000070bd00000, 0x000000070be00000|  0%| F|  |TAMS 0x000000070bd00000, 0x000000070bd00000| Untracked 
|  74|0x000000070be00000, 0x000000070be00000, 0x000000070bf00000|  0%| F|  |TAMS 0x000000070be00000, 0x000000070be00000| Untracked 
|  75|0x000000070bf00000, 0x000000070bf00000, 0x000000070c000000|  0%| F|  |TAMS 0x000000070bf00000, 0x000000070bf00000| Untracked 
|  76|0x000000070c000000, 0x000000070c000000, 0x000000070c100000|  0%| F|  |TAMS 0x000000070c000000, 0x000000070c000000| Untracked 
|  77|0x000000070c100000, 0x000000070c100000, 0x000000070c200000|  0%| F|  |TAMS 0x000000070c100000, 0x000000070c100000| Untracked 
|  78|0x000000070c200000, 0x000000070c200000, 0x000000070c300000|  0%| F|  |TAMS 0x000000070c200000, 0x000000070c200000| Untracked 
|  79|0x000000070c300000, 0x000000070c300000, 0x000000070c400000|  0%| F|  |TAMS 0x000000070c300000, 0x000000070c300000| Untracked 
|  80|0x000000070c400000, 0x000000070c400000, 0x000000070c500000|  0%| F|  |TAMS 0x000000070c400000, 0x000000070c400000| Untracked 
|  81|0x000000070c500000, 0x000000070c500000, 0x000000070c600000|  0%| F|  |TAMS 0x000000070c500000, 0x000000070c500000| Untracked 
|  82|0x000000070c600000, 0x000000070c600000, 0x000000070c700000|  0%| F|  |TAMS 0x000000070c600000, 0x000000070c600000| Untracked 
|  83|0x000000070c700000, 0x000000070c700000, 0x000000070c800000|  0%| F|  |TAMS 0x000000070c700000, 0x000000070c700000| Untracked 
|  84|0x000000070c800000, 0x000000070c800000, 0x000000070c900000|  0%| F|  |TAMS 0x000000070c800000, 0x000000070c800000| Untracked 
|  85|0x000000070c900000, 0x000000070c900000, 0x000000070ca00000|  0%| F|  |TAMS 0x000000070c900000, 0x000000070c900000| Untracked 
|  86|0x000000070ca00000, 0x000000070ca00000, 0x000000070cb00000|  0%| F|  |TAMS 0x000000070ca00000, 0x000000070ca00000| Untracked 
|  87|0x000000070cb00000, 0x000000070cb00000, 0x000000070cc00000|  0%| F|  |TAMS 0x000000070cb00000, 0x000000070cb00000| Untracked 
|  88|0x000000070cc00000, 0x000000070cc00000, 0x000000070cd00000|  0%| F|  |TAMS 0x000000070cc00000, 0x000000070cc00000| Untracked 
|  89|0x000000070cd00000, 0x000000070cd00000, 0x000000070ce00000|  0%| F|  |TAMS 0x000000070cd00000, 0x000000070cd00000| Untracked 
|  90|0x000000070ce00000, 0x000000070ce00000, 0x000000070cf00000|  0%| F|  |TAMS 0x000000070ce00000, 0x000000070ce00000| Untracked 
|  91|0x000000070cf00000, 0x000000070cf00000, 0x000000070d000000|  0%| F|  |TAMS 0x000000070cf00000, 0x000000070cf00000| Untracked 
|  92|0x000000070d000000, 0x000000070d000000, 0x000000070d100000|  0%| F|  |TAMS 0x000000070d000000, 0x000000070d000000| Untracked 
|  93|0x000000070d100000, 0x000000070d100000, 0x000000070d200000|  0%| F|  |TAMS 0x000000070d100000, 0x000000070d100000| Untracked 
|  94|0x000000070d200000, 0x000000070d200000, 0x000000070d300000|  0%| F|  |TAMS 0x000000070d200000, 0x000000070d200000| Untracked 
|  95|0x000000070d300000, 0x000000070d300000, 0x000000070d400000|  0%| F|  |TAMS 0x000000070d300000, 0x000000070d300000| Untracked 
|  96|0x000000070d400000, 0x000000070d400000, 0x000000070d500000|  0%| F|  |TAMS 0x000000070d400000, 0x000000070d400000| Untracked 
|  97|0x000000070d500000, 0x000000070d500000, 0x000000070d600000|  0%| F|  |TAMS 0x000000070d500000, 0x000000070d500000| Untracked 
|  98|0x000000070d600000, 0x000000070d600000, 0x000000070d700000|  0%| F|  |TAMS 0x000000070d600000, 0x000000070d600000| Untracked 
|  99|0x000000070d700000, 0x000000070d700000, 0x000000070d800000|  0%| F|  |TAMS 0x000000070d700000, 0x000000070d700000| Untracked 
| 100|0x000000070d800000, 0x000000070d800000, 0x000000070d900000|  0%| F|  |TAMS 0x000000070d800000, 0x000000070d800000| Untracked 
| 101|0x000000070d900000, 0x000000070d900000, 0x000000070da00000|  0%| F|  |TAMS 0x000000070d900000, 0x000000070d900000| Untracked 
| 102|0x000000070da00000, 0x000000070da00000, 0x000000070db00000|  0%| F|  |TAMS 0x000000070da00000, 0x000000070da00000| Untracked 
| 103|0x000000070db00000, 0x000000070db00000, 0x000000070dc00000|  0%| F|  |TAMS 0x000000070db00000, 0x000000070db00000| Untracked 
| 104|0x000000070dc00000, 0x000000070dc00000, 0x000000070dd00000|  0%| F|  |TAMS 0x000000070dc00000, 0x000000070dc00000| Untracked 
| 105|0x000000070dd00000, 0x000000070dd00000, 0x000000070de00000|  0%| F|  |TAMS 0x000000070dd00000, 0x000000070dd00000| Untracked 
| 106|0x000000070de00000, 0x000000070de00000, 0x000000070df00000|  0%| F|  |TAMS 0x000000070de00000, 0x000000070de00000| Untracked 
| 107|0x000000070df00000, 0x000000070df00000, 0x000000070e000000|  0%| F|  |TAMS 0x000000070df00000, 0x000000070df00000| Untracked 
| 108|0x000000070e000000, 0x000000070e000000, 0x000000070e100000|  0%| F|  |TAMS 0x000000070e000000, 0x000000070e000000| Untracked 
| 109|0x000000070e100000, 0x000000070e100000, 0x000000070e200000|  0%| F|  |TAMS 0x000000070e100000, 0x000000070e100000| Untracked 
| 110|0x000000070e200000, 0x000000070e200000, 0x000000070e300000|  0%| F|  |TAMS 0x000000070e200000, 0x000000070e200000| Untracked 
| 111|0x000000070e300000, 0x000000070e300000, 0x000000070e400000|  0%| F|  |TAMS 0x000000070e300000, 0x000000070e300000| Untracked 
| 112|0x000000070e400000, 0x000000070e400000, 0x000000070e500000|  0%| F|  |TAMS 0x000000070e400000, 0x000000070e400000| Untracked 
| 113|0x000000070e500000, 0x000000070e500000, 0x000000070e600000|  0%| F|  |TAMS 0x000000070e500000, 0x000000070e500000| Untracked 
| 114|0x000000070e600000, 0x000000070e600000, 0x000000070e700000|  0%| F|  |TAMS 0x000000070e600000, 0x000000070e600000| Untracked 
| 115|0x000000070e700000, 0x000000070e700000, 0x000000070e800000|  0%| F|  |TAMS 0x000000070e700000, 0x000000070e700000| Untracked 
| 116|0x000000070e800000, 0x000000070e800000, 0x000000070e900000|  0%| F|  |TAMS 0x000000070e800000, 0x000000070e800000| Untracked 
| 117|0x000000070e900000, 0x000000070e900000, 0x000000070ea00000|  0%| F|  |TAMS 0x000000070e900000, 0x000000070e900000| Untracked 
| 118|0x000000070ea00000, 0x000000070ea00000, 0x000000070eb00000|  0%| F|  |TAMS 0x000000070ea00000, 0x000000070ea00000| Untracked 
| 119|0x000000070eb00000, 0x000000070eb00000, 0x000000070ec00000|  0%| F|  |TAMS 0x000000070eb00000, 0x000000070eb00000| Untracked 
| 120|0x000000070ec00000, 0x000000070ec00000, 0x000000070ed00000|  0%| F|  |TAMS 0x000000070ec00000, 0x000000070ec00000| Untracked 
| 121|0x000000070ed00000, 0x000000070ed00000, 0x000000070ee00000|  0%| F|  |TAMS 0x000000070ed00000, 0x000000070ed00000| Untracked 
| 122|0x000000070ee00000, 0x000000070ee00000, 0x000000070ef00000|  0%| F|  |TAMS 0x000000070ee00000, 0x000000070ee00000| Untracked 
| 123|0x000000070ef00000, 0x000000070ef00000, 0x000000070f000000|  0%| F|  |TAMS 0x000000070ef00000, 0x000000070ef00000| Untracked 
| 124|0x000000070f000000, 0x000000070f000000, 0x000000070f100000|  0%| F|  |TAMS 0x000000070f000000, 0x000000070f000000| Untracked 
| 125|0x000000070f100000, 0x000000070f100000, 0x000000070f200000|  0%| F|  |TAMS 0x000000070f100000, 0x000000070f100000| Untracked 
| 126|0x000000070f200000, 0x000000070f200000, 0x000000070f300000|  0%| F|  |TAMS 0x000000070f200000, 0x000000070f200000| Untracked 
| 127|0x000000070f300000, 0x000000070f300000, 0x000000070f400000|  0%| F|  |TAMS 0x000000070f300000, 0x000000070f300000| Untracked 
| 128|0x000000070f400000, 0x000000070f400000, 0x000000070f500000|  0%| F|  |TAMS 0x000000070f400000, 0x000000070f400000| Untracked 
| 129|0x000000070f500000, 0x000000070f500000, 0x000000070f600000|  0%| F|  |TAMS 0x000000070f500000, 0x000000070f500000| Untracked 
| 130|0x000000070f600000, 0x000000070f600000, 0x000000070f700000|  0%| F|  |TAMS 0x000000070f600000, 0x000000070f600000| Untracked 
| 131|0x000000070f700000, 0x000000070f700000, 0x000000070f800000|  0%| F|  |TAMS 0x000000070f700000, 0x000000070f700000| Untracked 
| 132|0x000000070f800000, 0x000000070f800000, 0x000000070f900000|  0%| F|  |TAMS 0x000000070f800000, 0x000000070f800000| Untracked 
| 133|0x000000070f900000, 0x000000070f900000, 0x000000070fa00000|  0%| F|  |TAMS 0x000000070f900000, 0x000000070f900000| Untracked 
| 134|0x000000070fa00000, 0x000000070fa00000, 0x000000070fb00000|  0%| F|  |TAMS 0x000000070fa00000, 0x000000070fa00000| Untracked 
| 135|0x000000070fb00000, 0x000000070fb00000, 0x000000070fc00000|  0%| F|  |TAMS 0x000000070fb00000, 0x000000070fb00000| Untracked 
| 136|0x000000070fc00000, 0x000000070fc00000, 0x000000070fd00000|  0%| F|  |TAMS 0x000000070fc00000, 0x000000070fc00000| Untracked 
| 137|0x000000070fd00000, 0x000000070fd00000, 0x000000070fe00000|  0%| F|  |TAMS 0x000000070fd00000, 0x000000070fd00000| Untracked 
| 138|0x000000070fe00000, 0x000000070fe00000, 0x000000070ff00000|  0%| F|  |TAMS 0x000000070fe00000, 0x000000070fe00000| Untracked 
| 139|0x000000070ff00000, 0x000000070ff00000, 0x0000000710000000|  0%| F|  |TAMS 0x000000070ff00000, 0x000000070ff00000| Untracked 
| 140|0x0000000710000000, 0x0000000710000000, 0x0000000710100000|  0%| F|  |TAMS 0x0000000710000000, 0x0000000710000000| Untracked 
| 141|0x0000000710100000, 0x0000000710100000, 0x0000000710200000|  0%| F|  |TAMS 0x0000000710100000, 0x0000000710100000| Untracked 
| 142|0x0000000710200000, 0x0000000710200000, 0x0000000710300000|  0%| F|  |TAMS 0x0000000710200000, 0x0000000710200000| Untracked 
| 143|0x0000000710300000, 0x0000000710300000, 0x0000000710400000|  0%| F|  |TAMS 0x0000000710300000, 0x0000000710300000| Untracked 
| 144|0x0000000710400000, 0x0000000710400000, 0x0000000710500000|  0%| F|  |TAMS 0x0000000710400000, 0x0000000710400000| Untracked 
| 145|0x0000000710500000, 0x0000000710500000, 0x0000000710600000|  0%| F|  |TAMS 0x0000000710500000, 0x0000000710500000| Untracked 
| 146|0x0000000710600000, 0x0000000710600000, 0x0000000710700000|  0%| F|  |TAMS 0x0000000710600000, 0x0000000710600000| Untracked 
| 147|0x0000000710700000, 0x0000000710700000, 0x0000000710800000|  0%| F|  |TAMS 0x0000000710700000, 0x0000000710700000| Untracked 
| 148|0x0000000710800000, 0x0000000710800000, 0x0000000710900000|  0%| F|  |TAMS 0x0000000710800000, 0x0000000710800000| Untracked 
| 149|0x0000000710900000, 0x0000000710900000, 0x0000000710a00000|  0%| F|  |TAMS 0x0000000710900000, 0x0000000710900000| Untracked 
| 150|0x0000000710a00000, 0x0000000710a00000, 0x0000000710b00000|  0%| F|  |TAMS 0x0000000710a00000, 0x0000000710a00000| Untracked 
| 151|0x0000000710b00000, 0x0000000710b00000, 0x0000000710c00000|  0%| F|  |TAMS 0x0000000710b00000, 0x0000000710b00000| Untracked 
| 152|0x0000000710c00000, 0x0000000710c00000, 0x0000000710d00000|  0%| F|  |TAMS 0x0000000710c00000, 0x0000000710c00000| Untracked 
| 153|0x0000000710d00000, 0x0000000710d00000, 0x0000000710e00000|  0%| F|  |TAMS 0x0000000710d00000, 0x0000000710d00000| Untracked 
| 154|0x0000000710e00000, 0x0000000710e00000, 0x0000000710f00000|  0%| F|  |TAMS 0x0000000710e00000, 0x0000000710e00000| Untracked 
| 155|0x0000000710f00000, 0x0000000710f00000, 0x0000000711000000|  0%| F|  |TAMS 0x0000000710f00000, 0x0000000710f00000| Untracked 
| 156|0x0000000711000000, 0x0000000711000000, 0x0000000711100000|  0%| F|  |TAMS 0x0000000711000000, 0x0000000711000000| Untracked 
| 157|0x0000000711100000, 0x0000000711100000, 0x0000000711200000|  0%| F|  |TAMS 0x0000000711100000, 0x0000000711100000| Untracked 
| 158|0x0000000711200000, 0x0000000711200000, 0x0000000711300000|  0%| F|  |TAMS 0x0000000711200000, 0x0000000711200000| Untracked 
| 159|0x0000000711300000, 0x0000000711300000, 0x0000000711400000|  0%| F|  |TAMS 0x0000000711300000, 0x0000000711300000| Untracked 
| 160|0x0000000711400000, 0x0000000711400000, 0x0000000711500000|  0%| F|  |TAMS 0x0000000711400000, 0x0000000711400000| Untracked 
| 161|0x0000000711500000, 0x0000000711500000, 0x0000000711600000|  0%| F|  |TAMS 0x0000000711500000, 0x0000000711500000| Untracked 
| 162|0x0000000711600000, 0x0000000711600000, 0x0000000711700000|  0%| F|  |TAMS 0x0000000711600000, 0x0000000711600000| Untracked 
| 163|0x0000000711700000, 0x0000000711700000, 0x0000000711800000|  0%| F|  |TAMS 0x0000000711700000, 0x0000000711700000| Untracked 
| 164|0x0000000711800000, 0x0000000711800000, 0x0000000711900000|  0%| F|  |TAMS 0x0000000711800000, 0x0000000711800000| Untracked 
| 165|0x0000000711900000, 0x0000000711900000, 0x0000000711a00000|  0%| F|  |TAMS 0x0000000711900000, 0x0000000711900000| Untracked 
| 166|0x0000000711a00000, 0x0000000711a00000, 0x0000000711b00000|  0%| F|  |TAMS 0x0000000711a00000, 0x0000000711a00000| Untracked 
| 167|0x0000000711b00000, 0x0000000711b00000, 0x0000000711c00000|  0%| F|  |TAMS 0x0000000711b00000, 0x0000000711b00000| Untracked 
| 168|0x0000000711c00000, 0x0000000711c00000, 0x0000000711d00000|  0%| F|  |TAMS 0x0000000711c00000, 0x0000000711c00000| Untracked 
| 169|0x0000000711d00000, 0x0000000711d00000, 0x0000000711e00000|  0%| F|  |TAMS 0x0000000711d00000, 0x0000000711d00000| Untracked 
| 170|0x0000000711e00000, 0x0000000711e00000, 0x0000000711f00000|  0%| F|  |TAMS 0x0000000711e00000, 0x0000000711e00000| Untracked 
| 171|0x0000000711f00000, 0x0000000711f00000, 0x0000000712000000|  0%| F|  |TAMS 0x0000000711f00000, 0x0000000711f00000| Untracked 
| 172|0x0000000712000000, 0x0000000712000000, 0x0000000712100000|  0%| F|  |TAMS 0x0000000712000000, 0x0000000712000000| Untracked 
| 173|0x0000000712100000, 0x0000000712100000, 0x0000000712200000|  0%| F|  |TAMS 0x0000000712100000, 0x0000000712100000| Untracked 
| 174|0x0000000712200000, 0x0000000712200000, 0x0000000712300000|  0%| F|  |TAMS 0x0000000712200000, 0x0000000712200000| Untracked 
| 175|0x0000000712300000, 0x0000000712300000, 0x0000000712400000|  0%| F|  |TAMS 0x0000000712300000, 0x0000000712300000| Untracked 
| 176|0x0000000712400000, 0x0000000712400000, 0x0000000712500000|  0%| F|  |TAMS 0x0000000712400000, 0x0000000712400000| Untracked 
| 177|0x0000000712500000, 0x0000000712500000, 0x0000000712600000|  0%| F|  |TAMS 0x0000000712500000, 0x0000000712500000| Untracked 
| 178|0x0000000712600000, 0x0000000712600000, 0x0000000712700000|  0%| F|  |TAMS 0x0000000712600000, 0x0000000712600000| Untracked 
| 179|0x0000000712700000, 0x0000000712700000, 0x0000000712800000|  0%| F|  |TAMS 0x0000000712700000, 0x0000000712700000| Untracked 
| 180|0x0000000712800000, 0x0000000712800000, 0x0000000712900000|  0%| F|  |TAMS 0x0000000712800000, 0x0000000712800000| Untracked 
| 181|0x0000000712900000, 0x0000000712900000, 0x0000000712a00000|  0%| F|  |TAMS 0x0000000712900000, 0x0000000712900000| Untracked 
| 182|0x0000000712a00000, 0x0000000712a00000, 0x0000000712b00000|  0%| F|  |TAMS 0x0000000712a00000, 0x0000000712a00000| Untracked 
| 183|0x0000000712b00000, 0x0000000712b00000, 0x0000000712c00000|  0%| F|  |TAMS 0x0000000712b00000, 0x0000000712b00000| Untracked 
| 184|0x0000000712c00000, 0x0000000712c00000, 0x0000000712d00000|  0%| F|  |TAMS 0x0000000712c00000, 0x0000000712c00000| Untracked 
| 185|0x0000000712d00000, 0x0000000712d00000, 0x0000000712e00000|  0%| F|  |TAMS 0x0000000712d00000, 0x0000000712d00000| Untracked 
| 186|0x0000000712e00000, 0x0000000712e00000, 0x0000000712f00000|  0%| F|  |TAMS 0x0000000712e00000, 0x0000000712e00000| Untracked 
| 187|0x0000000712f00000, 0x0000000712f00000, 0x0000000713000000|  0%| F|  |TAMS 0x0000000712f00000, 0x0000000712f00000| Untracked 
| 188|0x0000000713000000, 0x0000000713000000, 0x0000000713100000|  0%| F|  |TAMS 0x0000000713000000, 0x0000000713000000| Untracked 
| 189|0x0000000713100000, 0x0000000713100000, 0x0000000713200000|  0%| F|  |TAMS 0x0000000713100000, 0x0000000713100000| Untracked 
| 190|0x0000000713200000, 0x0000000713200000, 0x0000000713300000|  0%| F|  |TAMS 0x0000000713200000, 0x0000000713200000| Untracked 
| 191|0x0000000713300000, 0x0000000713300000, 0x0000000713400000|  0%| F|  |TAMS 0x0000000713300000, 0x0000000713300000| Untracked 
| 192|0x0000000713400000, 0x0000000713400000, 0x0000000713500000|  0%| F|  |TAMS 0x0000000713400000, 0x0000000713400000| Untracked 
| 193|0x0000000713500000, 0x0000000713500000, 0x0000000713600000|  0%| F|  |TAMS 0x0000000713500000, 0x0000000713500000| Untracked 
| 194|0x0000000713600000, 0x0000000713600000, 0x0000000713700000|  0%| F|  |TAMS 0x0000000713600000, 0x0000000713600000| Untracked 
| 195|0x0000000713700000, 0x0000000713700000, 0x0000000713800000|  0%| F|  |TAMS 0x0000000713700000, 0x0000000713700000| Untracked 
| 196|0x0000000713800000, 0x0000000713800000, 0x0000000713900000|  0%| F|  |TAMS 0x0000000713800000, 0x0000000713800000| Untracked 
| 197|0x0000000713900000, 0x0000000713900000, 0x0000000713a00000|  0%| F|  |TAMS 0x0000000713900000, 0x0000000713900000| Untracked 
| 198|0x0000000713a00000, 0x0000000713a00000, 0x0000000713b00000|  0%| F|  |TAMS 0x0000000713a00000, 0x0000000713a00000| Untracked 
| 199|0x0000000713b00000, 0x0000000713b00000, 0x0000000713c00000|  0%| F|  |TAMS 0x0000000713b00000, 0x0000000713b00000| Untracked 
| 200|0x0000000713c00000, 0x0000000713c00000, 0x0000000713d00000|  0%| F|  |TAMS 0x0000000713c00000, 0x0000000713c00000| Untracked 
| 201|0x0000000713d00000, 0x0000000713d00000, 0x0000000713e00000|  0%| F|  |TAMS 0x0000000713d00000, 0x0000000713d00000| Untracked 
| 202|0x0000000713e00000, 0x0000000713e00000, 0x0000000713f00000|  0%| F|  |TAMS 0x0000000713e00000, 0x0000000713e00000| Untracked 
| 203|0x0000000713f00000, 0x0000000713f00000, 0x0000000714000000|  0%| F|  |TAMS 0x0000000713f00000, 0x0000000713f00000| Untracked 
| 204|0x0000000714000000, 0x0000000714000000, 0x0000000714100000|  0%| F|  |TAMS 0x0000000714000000, 0x0000000714000000| Untracked 
| 205|0x0000000714100000, 0x0000000714100000, 0x0000000714200000|  0%| F|  |TAMS 0x0000000714100000, 0x0000000714100000| Untracked 
| 206|0x0000000714200000, 0x0000000714200000, 0x0000000714300000|  0%| F|  |TAMS 0x0000000714200000, 0x0000000714200000| Untracked 
| 207|0x0000000714300000, 0x0000000714300000, 0x0000000714400000|  0%| F|  |TAMS 0x0000000714300000, 0x0000000714300000| Untracked 
| 208|0x0000000714400000, 0x0000000714400000, 0x0000000714500000|  0%| F|  |TAMS 0x0000000714400000, 0x0000000714400000| Untracked 
| 209|0x0000000714500000, 0x0000000714500000, 0x0000000714600000|  0%| F|  |TAMS 0x0000000714500000, 0x0000000714500000| Untracked 
| 210|0x0000000714600000, 0x0000000714600000, 0x0000000714700000|  0%| F|  |TAMS 0x0000000714600000, 0x0000000714600000| Untracked 
| 211|0x0000000714700000, 0x0000000714700000, 0x0000000714800000|  0%| F|  |TAMS 0x0000000714700000, 0x0000000714700000| Untracked 
| 212|0x0000000714800000, 0x0000000714800000, 0x0000000714900000|  0%| F|  |TAMS 0x0000000714800000, 0x0000000714800000| Untracked 
| 213|0x0000000714900000, 0x0000000714900000, 0x0000000714a00000|  0%| F|  |TAMS 0x0000000714900000, 0x0000000714900000| Untracked 
| 214|0x0000000714a00000, 0x0000000714a00000, 0x0000000714b00000|  0%| F|  |TAMS 0x0000000714a00000, 0x0000000714a00000| Untracked 
| 215|0x0000000714b00000, 0x0000000714b00000, 0x0000000714c00000|  0%| F|  |TAMS 0x0000000714b00000, 0x0000000714b00000| Untracked 
| 216|0x0000000714c00000, 0x0000000714c00000, 0x0000000714d00000|  0%| F|  |TAMS 0x0000000714c00000, 0x0000000714c00000| Untracked 
| 217|0x0000000714d00000, 0x0000000714d00000, 0x0000000714e00000|  0%| F|  |TAMS 0x0000000714d00000, 0x0000000714d00000| Untracked 
| 218|0x0000000714e00000, 0x0000000714e00000, 0x0000000714f00000|  0%| F|  |TAMS 0x0000000714e00000, 0x0000000714e00000| Untracked 
| 219|0x0000000714f00000, 0x0000000714f00000, 0x0000000715000000|  0%| F|  |TAMS 0x0000000714f00000, 0x0000000714f00000| Untracked 
| 220|0x0000000715000000, 0x0000000715000000, 0x0000000715100000|  0%| F|  |TAMS 0x0000000715000000, 0x0000000715000000| Untracked 
| 221|0x0000000715100000, 0x0000000715100000, 0x0000000715200000|  0%| F|  |TAMS 0x0000000715100000, 0x0000000715100000| Untracked 
| 222|0x0000000715200000, 0x0000000715200000, 0x0000000715300000|  0%| F|  |TAMS 0x0000000715200000, 0x0000000715200000| Untracked 
| 223|0x0000000715300000, 0x0000000715300000, 0x0000000715400000|  0%| F|  |TAMS 0x0000000715300000, 0x0000000715300000| Untracked 
| 224|0x0000000715400000, 0x0000000715400000, 0x0000000715500000|  0%| F|  |TAMS 0x0000000715400000, 0x0000000715400000| Untracked 
| 225|0x0000000715500000, 0x0000000715500000, 0x0000000715600000|  0%| F|  |TAMS 0x0000000715500000, 0x0000000715500000| Untracked 
| 226|0x0000000715600000, 0x0000000715600000, 0x0000000715700000|  0%| F|  |TAMS 0x0000000715600000, 0x0000000715600000| Untracked 
| 227|0x0000000715700000, 0x0000000715700000, 0x0000000715800000|  0%| F|  |TAMS 0x0000000715700000, 0x0000000715700000| Untracked 
| 228|0x0000000715800000, 0x0000000715800000, 0x0000000715900000|  0%| F|  |TAMS 0x0000000715800000, 0x0000000715800000| Untracked 
| 229|0x0000000715900000, 0x0000000715900000, 0x0000000715a00000|  0%| F|  |TAMS 0x0000000715900000, 0x0000000715900000| Untracked 
| 230|0x0000000715a00000, 0x0000000715a00000, 0x0000000715b00000|  0%| F|  |TAMS 0x0000000715a00000, 0x0000000715a00000| Untracked 
| 231|0x0000000715b00000, 0x0000000715b00000, 0x0000000715c00000|  0%| F|  |TAMS 0x0000000715b00000, 0x0000000715b00000| Untracked 
| 232|0x0000000715c00000, 0x0000000715c00000, 0x0000000715d00000|  0%| F|  |TAMS 0x0000000715c00000, 0x0000000715c00000| Untracked 
| 233|0x0000000715d00000, 0x0000000715d00000, 0x0000000715e00000|  0%| F|  |TAMS 0x0000000715d00000, 0x0000000715d00000| Untracked 
| 234|0x0000000715e00000, 0x0000000715e00000, 0x0000000715f00000|  0%| F|  |TAMS 0x0000000715e00000, 0x0000000715e00000| Untracked 
| 235|0x0000000715f00000, 0x0000000715f00000, 0x0000000716000000|  0%| F|  |TAMS 0x0000000715f00000, 0x0000000715f00000| Untracked 
| 236|0x0000000716000000, 0x0000000716000000, 0x0000000716100000|  0%| F|  |TAMS 0x0000000716000000, 0x0000000716000000| Untracked 
| 237|0x0000000716100000, 0x0000000716100000, 0x0000000716200000|  0%| F|  |TAMS 0x0000000716100000, 0x0000000716100000| Untracked 
| 238|0x0000000716200000, 0x0000000716278460, 0x0000000716300000| 46%| S|CS|TAMS 0x0000000716200000, 0x0000000716200000| Complete 
| 239|0x0000000716300000, 0x0000000716300000, 0x0000000716400000|  0%| F|  |TAMS 0x0000000716300000, 0x0000000716300000| Untracked 
| 240|0x0000000716400000, 0x0000000716400000, 0x0000000716500000|  0%| F|  |TAMS 0x0000000716400000, 0x0000000716400000| Untracked 
| 241|0x0000000716500000, 0x0000000716500000, 0x0000000716600000|  0%| F|  |TAMS 0x0000000716500000, 0x0000000716500000| Untracked 
| 242|0x0000000716600000, 0x0000000716600000, 0x0000000716700000|  0%| F|  |TAMS 0x0000000716600000, 0x0000000716600000| Untracked 
| 243|0x0000000716700000, 0x0000000716700000, 0x0000000716800000|  0%| F|  |TAMS 0x0000000716700000, 0x0000000716700000| Untracked 
| 244|0x0000000716800000, 0x0000000716800000, 0x0000000716900000|  0%| F|  |TAMS 0x0000000716800000, 0x0000000716800000| Untracked 
| 245|0x0000000716900000, 0x0000000716900000, 0x0000000716a00000|  0%| F|  |TAMS 0x0000000716900000, 0x0000000716900000| Untracked 
| 246|0x0000000716a00000, 0x0000000716a00000, 0x0000000716b00000|  0%| F|  |TAMS 0x0000000716a00000, 0x0000000716a00000| Untracked 
| 247|0x0000000716b00000, 0x0000000716b00000, 0x0000000716c00000|  0%| F|  |TAMS 0x0000000716b00000, 0x0000000716b00000| Untracked 
| 248|0x0000000716c00000, 0x0000000716c00000, 0x0000000716d00000|  0%| F|  |TAMS 0x0000000716c00000, 0x0000000716c00000| Untracked 
| 249|0x0000000716d00000, 0x0000000716d00000, 0x0000000716e00000|  0%| F|  |TAMS 0x0000000716d00000, 0x0000000716d00000| Untracked 

Card table byte_map: [0x00007fd3feb6f000,0x00007fd3ff335000] _byte_map_base: 0x00007fd3fb335000

Marking Bits (Prev, Next): (CMBitMap*) 0x00007fd41c0877b0, (CMBitMap*) 0x00007fd41c087778
 Prev Bits: [0x00007fd3f6749000, 0x00007fd3fa579000)
 Next Bits: [0x00007fd3fa579000, 0x00007fd3fe3a9000)

Polling page: 0x00007fd4233aa000

Metaspace:

Usage:
  Non-class:     23,77 MB capacity,    23,49 MB ( 99%) used,   258,70 KB (  1%) free+waste,    34,12 KB ( <1%) overhead. 
      Class:      2,97 MB capacity,     2,83 MB ( 95%) used,   136,15 KB (  4%) free+waste,    13,81 KB ( <1%) overhead. 
       Both:     26,75 MB capacity,    26,31 MB ( 98%) used,   394,84 KB (  1%) free+waste,    47,94 KB ( <1%) overhead. 

Virtual space:
  Non-class space:       26,00 MB reserved,      24,25 MB ( 93%) committed 
      Class space:        1,00 GB reserved,       3,00 MB ( <1%) committed 
             Both:        1,03 GB reserved,      27,25 MB (  3%) committed 

Chunk freelists:
   Non-Class:  43,25 KB
       Class:  0 bytes
        Both:  43,25 KB

CodeHeap 'non-profiled nmethods': size=120032Kb used=2049Kb max_used=2049Kb free=117983Kb
 bounds [0x00007fd40c0d3000, 0x00007fd40c343000, 0x00007fd41360b000]
CodeHeap 'profiled nmethods': size=120028Kb used=7784Kb max_used=7784Kb free=112243Kb
 bounds [0x00007fd404b9c000, 0x00007fd40533c000, 0x00007fd40c0d3000]
CodeHeap 'non-nmethods': size=5700Kb used=1127Kb max_used=1186Kb free=4572Kb
 bounds [0x00007fd40460b000, 0x00007fd40487b000, 0x00007fd404b9c000]
 total_blobs=4987 nmethods=3548 adapters=372
 compilation: enabled
              stopped_count=0, restarted_count=0
 full_count=0

Compilation events (10 events):
Event: 177,392 Thread 0x00007fd41c220800 nmethod 3653 0x00007fd40c2cad10 code [0x00007fd40c2caec0, 0x00007fd40c2cb030]
Event: 177,393 Thread 0x00007fd41c220800 3673       3       org.apache.maven.model.merge.ModelMerger::getRepositoryKey (6 bytes)
Event: 177,393 Thread 0x00007fd41c220800 nmethod 3673 0x00007fd405335410 code [0x00007fd4053355c0, 0x00007fd4053357e8]
Event: 177,393 Thread 0x00007fd41c220800 3674       3       org.apache.maven.model.merge.MavenModelMerger::getRepositoryBaseKey (5 bytes)
Event: 177,393 Thread 0x00007fd41c220800 nmethod 3674 0x00007fd405335890 code [0x00007fd405335a40, 0x00007fd405335c50]
Event: 177,446 Thread 0x00007fd41c21e800 nmethod 3563 0x00007fd40c2cb090 code [0x00007fd40c2cb540, 0x00007fd40c2cfce0]
Event: 179,437 Thread 0x00007fd41c220800 3675       3       org.eclipse.aether.repository.RepositoryPolicy::hashCode (49 bytes)
Event: 179,454 Thread 0x00007fd41c21e800 3677   !   4       org.apache.maven.model.Plugin::clone (204 bytes)
Event: 179,494 Thread 0x00007fd41c220800 nmethod 3675 0x00007fd405335d10 code [0x00007fd405335ee0, 0x00007fd405336158]
Event: 179,565 Thread 0x00007fd41c220800 3690       3       org.eclipse.aether.artifact.AbstractArtifact::equals (141 bytes)

GC Heap History (10 events):
Event: 8,350 GC heap after
{Heap after GC invocations=4 (full 0):
 garbage-first heap   total 256000K, used 15406K [0x0000000707400000, 0x0000000800000000)
  region size 1024K, 12 young (12288K), 12 survivors (12288K)
 Metaspace       used 26768K, capacity 27228K, committed 27648K, reserved 1073152K
  class space    used 2887K, capacity 3036K, committed 3072K, reserved 1048576K
}
Event: 8,649 GC heap before
{Heap before GC invocations=4 (full 0):
 garbage-first heap   total 256000K, used 24622K [0x0000000707400000, 0x0000000800000000)
  region size 1024K, 21 young (21504K), 12 survivors (12288K)
 Metaspace       used 26835K, capacity 27294K, committed 27648K, reserved 1073152K
  class space    used 2887K, capacity 3036K, committed 3072K, reserved 1048576K
}
Event: 20,625 GC heap after
{Heap after GC invocations=5 (full 0):
 garbage-first heap   total 256000K, used 18282K [0x0000000707400000, 0x0000000800000000)
  region size 1024K, 3 young (3072K), 3 survivors (3072K)
 Metaspace       used 26835K, capacity 27294K, committed 27648K, reserved 1073152K
  class space    used 2887K, capacity 3036K, committed 3072K, reserved 1048576K
}
Event: 127,454 GC heap before
{Heap before GC invocations=5 (full 0):
 garbage-first heap   total 256000K, used 27498K [0x0000000707400000, 0x0000000800000000)
  region size 1024K, 12 young (12288K), 3 survivors (3072K)
 Metaspace       used 26894K, capacity 27382K, committed 27904K, reserved 1075200K
  class space    used 2894K, capacity 3044K, committed 3072K, reserved 1048576K
}
Event: 134,704 GC heap after
{Heap after GC invocations=6 (full 0):
 garbage-first heap   total 256000K, used 19068K [0x0000000707400000, 0x0000000800000000)
  region size 1024K, 2 young (2048K), 2 survivors (2048K)
 Metaspace       used 26894K, capacity 27382K, committed 27904K, reserved 1075200K
  class space    used 2894K, capacity 3044K, committed 3072K, reserved 1048576K
}
Event: 162,994 GC heap before
{Heap before GC invocations=6 (full 0):
 garbage-first heap   total 256000K, used 29308K [0x0000000707400000, 0x0000000800000000)
  region size 1024K, 12 young (12288K), 2 survivors (2048K)
 Metaspace       used 26922K, capacity 27385K, committed 27904K, reserved 1075200K
  class space    used 2895K, capacity 3045K, committed 3072K, reserved 1048576K
}
Event: 164,244 GC heap after
{Heap after GC invocations=7 (full 0):
 garbage-first heap   total 256000K, used 19513K [0x0000000707400000, 0x0000000800000000)
  region size 1024K, 2 young (2048K), 2 survivors (2048K)
 Metaspace       used 26922K, capacity 27385K, committed 27904K, reserved 1075200K
  class space    used 2895K, capacity 3045K, committed 3072K, reserved 1048576K
}
Event: 169,859 GC heap before
{Heap before GC invocations=7 (full 0):
 garbage-first heap   total 256000K, used 28729K [0x0000000707400000, 0x0000000800000000)
  region size 1024K, 12 young (12288K), 2 survivors (2048K)
 Metaspace       used 26935K, capacity 27385K, committed 27904K, reserved 1075200K
  class space    used 2895K, capacity 3045K, committed 3072K, reserved 1048576K
}
Event: 172,805 GC heap after
{Heap after GC invocations=8 (full 0):
 garbage-first heap   total 256000K, used 19786K [0x0000000707400000, 0x0000000800000000)
  region size 1024K, 1 young (1024K), 1 survivors (1024K)
 Metaspace       used 26935K, capacity 27385K, committed 27904K, reserved 1075200K
  class space    used 2895K, capacity 3045K, committed 3072K, reserved 1048576K
}
Event: 179,583 GC heap before
{Heap before GC invocations=8 (full 0):
 garbage-first heap   total 256000K, used 31050K [0x0000000707400000, 0x0000000800000000)
  region size 1024K, 12 young (12288K), 1 survivors (1024K)
 Metaspace       used 26945K, capacity 27388K, committed 27904K, reserved 1075200K
  class space    used 2896K, capacity 3046K, committed 3072K, reserved 1048576K
}

Deoptimization events (10 events):
Event: 8,385 Thread 0x00007fd41c012000 Uncommon trap: reason=class_check action=maybe_recompile pc=0x00007fd40c23e608 method=org.apache.maven.model.interpolation.StringSearchModelInterpolator$InterpolateObjectAction$MapField.doInterpolate(Ljava/lang/Object;Lorg/apache/maven/model/interpolation
Event: 8,385 Thread 0x00007fd41c012000 Uncommon trap: reason=class_check action=maybe_recompile pc=0x00007fd40c23e608 method=org.apache.maven.model.interpolation.StringSearchModelInterpolator$InterpolateObjectAction$MapField.doInterpolate(Ljava/lang/Object;Lorg/apache/maven/model/interpolation
Event: 8,613 Thread 0x00007fd41c012000 Uncommon trap: reason=unstable_if action=reinterpret pc=0x00007fd40c29ac40 method=org.codehaus.plexus.util.xml.pull.MXParser.nextImpl()I @ 280 c2
Event: 101,131 Thread 0x00007fd41c012000 Uncommon trap: reason=class_check action=maybe_recompile pc=0x00007fd40c25a8a4 method=org.codehaus.plexus.interpolation.MapBasedValueSource.getValue(Ljava/lang/String;)Ljava/lang/Object; @ 16 c2
Event: 103,521 Thread 0x00007fd41c012000 Uncommon trap: reason=class_check action=maybe_recompile pc=0x00007fd40c25a8a4 method=org.codehaus.plexus.interpolation.MapBasedValueSource.getValue(Ljava/lang/String;)Ljava/lang/Object; @ 16 c2
Event: 103,972 Thread 0x00007fd41c012000 Uncommon trap: reason=class_check action=maybe_recompile pc=0x00007fd40c25a8a4 method=org.codehaus.plexus.interpolation.MapBasedValueSource.getValue(Ljava/lang/String;)Ljava/lang/Object; @ 16 c2
Event: 105,135 Thread 0x00007fd41c012000 Uncommon trap: reason=intrinsic_or_type_checked_inlining action=make_not_entrant pc=0x00007fd40c26146c method=java.util.Arrays.copyOf([Ljava/lang/Object;ILjava/lang/Class;)[Ljava/lang/Object; @ 35 c2
Event: 105,418 Thread 0x00007fd41c012000 Uncommon trap: reason=class_check action=maybe_recompile pc=0x00007fd40c23e608 method=org.apache.maven.model.interpolation.StringSearchModelInterpolator$InterpolateObjectAction$MapField.doInterpolate(Ljava/lang/Object;Lorg/apache/maven/model/interpolation
Event: 108,237 Thread 0x00007fd41c012000 Uncommon trap: reason=unstable_if action=reinterpret pc=0x00007fd40c241ee4 method=org.apache.maven.model.io.xpp3.MavenXpp3Reader.nextTag(Lorg/codehaus/plexus/util/xml/pull/XmlPullParser;)I @ 9 c2
Event: 173,995 Thread 0x00007fd41c012000 Uncommon trap: reason=unstable_if action=reinterpret pc=0x00007fd40c2440f0 method=org.codehaus.plexus.interpolation.StringSearchInterpolator.interpolate(Ljava/lang/String;Lorg/codehaus/plexus/interpolation/RecursionInterceptor;Ljava/util/Set;)Ljava/lang/S

Classes redefined (0 events):
No events

Internal exceptions (10 events):
Event: 6,193 Thread 0x00007fd41c012000 Exception <a 'java/lang/NoClassDefFoundError'{0x00000007155a8b58}: com/google/inject/servlet/ServletModuleTargetVisitor> (0x00000007155a8b58) thrown at [/scratch/opt/mach5/mesos/work_dir/slaves/2dd962d0-8988-479b-a804-57ab764ada59-S1222/frameworks/1735e8a
Event: 6,193 Thread 0x00007fd41c012000 Exception <a 'java/lang/NoClassDefFoundError'{0x00000007155a8b58}> (0x00000007155a8b58) thrown at [/scratch/opt/mach5/mesos/work_dir/slaves/2dd962d0-8988-479b-a804-57ab764ada59-S1222/frameworks/1735e8a2-a1db-478c-8104-60c8b0af87dd-0196/executors/1fd16cd3-
Event: 6,193 Thread 0x00007fd41c012000 Exception <a 'java/lang/NoClassDefFoundError'{0x00000007155acb78}: javax/annotation/Priority> (0x00000007155acb78) thrown at [/scratch/opt/mach5/mesos/work_dir/slaves/2dd962d0-8988-479b-a804-57ab764ada59-S1222/frameworks/1735e8a2-a1db-478c-8104-60c8b0af87
Event: 6,339 Thread 0x00007fd41c012000 Implicit null exception at 0x00007fd40c1282f3 to 0x00007fd40c12881a
Event: 6,339 Thread 0x00007fd41c012000 Implicit null exception at 0x00007fd40c1234f4 to 0x00007fd40c123a56
Event: 8,000 Thread 0x00007fd41c012000 Implicit null exception at 0x00007fd40c17c875 to 0x00007fd40c17ca62
Event: 8,001 Thread 0x00007fd41c012000 Implicit null exception at 0x00007fd40c14b02f to 0x00007fd40c14b0a9
Event: 8,069 Thread 0x00007fd41c012000 Implicit null exception at 0x00007fd40c180e03 to 0x00007fd40c18100e
Event: 8,069 Thread 0x00007fd41c012000 Implicit null exception at 0x00007fd40c21675d to 0x00007fd40c2176aa
Event: 8,069 Thread 0x00007fd41c012000 Implicit null exception at 0x00007fd40c0ee9f8 to 0x00007fd40c0eea86

Events (10 events):
Event: 174,153 Thread 0x00007fd41c012000 DEOPT PACKING pc=0x00007fd40c2440f0 sp=0x00007fd423386e10
Event: 174,182 Thread 0x00007fd41c012000 DEOPT UNPACKING pc=0x00007fd4046339a5 sp=0x00007fd423386e20 mode 2
Event: 174,856 Thread 0x00007fd41c012000 DEOPT PACKING pc=0x00007fd4052fc10f sp=0x00007fd4233875b0
Event: 174,879 Thread 0x00007fd41c012000 DEOPT UNPACKING pc=0x00007fd4046337ba sp=0x00007fd423386aa0 mode 0
Event: 175,211 Thread 0x00007fd41c012000 DEOPT PACKING pc=0x00007fd4052fc10f sp=0x00007fd423386c90
Event: 175,211 Thread 0x00007fd41c012000 DEOPT UNPACKING pc=0x00007fd4046337ba sp=0x00007fd423386180 mode 0
Event: 177,530 Thread 0x00007fd3c455e800 Thread exited: 0x00007fd3c455e800
Event: 177,530 Thread 0x00007fd3c4559800 Thread exited: 0x00007fd3c4559800
Event: 179,557 Executing VM operation: G1CollectForAllocation
Event: 179,565 Thread 0x00007fd3c4559800 Thread added: 0x00007fd3c4559800


Dynamic libraries:
00400000-00401000 r-xp 00000000 08:02 6957226                            /usr/lib/jvm/java-11-oracle/bin/java
00600000-00601000 r--p 00000000 08:02 6957226                            /usr/lib/jvm/java-11-oracle/bin/java
00601000-00602000 rw-p 00001000 08:02 6957226                            /usr/lib/jvm/java-11-oracle/bin/java
00678000-00699000 rw-p 00000000 00:00 0                                  [heap]
707400000-716e00000 rw-p 00000000 00:00 0 
736200000-800000000 ---p 00000000 00:00 0 
800000000-800300000 rw-p 00000000 00:00 0 
800300000-840000000 ---p 00000000 00:00 0 
7fd37c000000-7fd37c021000 rw-p 00000000 00:00 0 
7fd37c021000-7fd380000000 ---p 00000000 00:00 0 
7fd384000000-7fd384021000 rw-p 00000000 00:00 0 
7fd384021000-7fd388000000 ---p 00000000 00:00 0 
7fd388000000-7fd388021000 rw-p 00000000 00:00 0 
7fd388021000-7fd38c000000 ---p 00000000 00:00 0 
7fd38c000000-7fd38c646000 rw-p 00000000 00:00 0 
7fd38c646000-7fd390000000 ---p 00000000 00:00 0 
7fd390000000-7fd390021000 rw-p 00000000 00:00 0 
7fd390021000-7fd394000000 ---p 00000000 00:00 0 
7fd394000000-7fd394f72000 rw-p 00000000 00:00 0 
7fd394f72000-7fd398000000 ---p 00000000 00:00 0 
7fd39aab0000-7fd39ad34000 rw-p 00000000 00:00 0 
7fd39ad34000-7fd39aef4000 ---p 00000000 00:00 0 
7fd39aef4000-7fd39aef5000 ---p 00000000 00:00 0 
7fd39aef5000-7fd39aff6000 rw-p 00000000 00:00 0 
7fd39aff6000-7fd39aff7000 ---p 00000000 00:00 0 
7fd39aff7000-7fd39b0f8000 rw-p 00000000 00:00 0 
7fd39b0f8000-7fd39b0f9000 ---p 00000000 00:00 0 
7fd39b0f9000-7fd39b3fa000 rw-p 00000000 00:00 0 
7fd39b3fa000-7fd39b5fa000 rw-p 00000000 00:00 0 
7fd39b5fa000-7fd39b5fb000 ---p 00000000 00:00 0 
7fd39b5fb000-7fd39b8fc000 rw-p 00000000 00:00 0 
7fd39b8fc000-7fd39b900000 ---p 00000000 00:00 0 
7fd39b900000-7fd39bbfd000 rw-p 00000000 00:00 0 
7fd39bbfd000-7fd39bdfd000 rw-p 00000000 00:00 0 
7fd39bdfd000-7fd39bdff000 r-xp 00000000 08:02 398151                     /lib/x86_64-linux-gnu/libutil-2.27.so
7fd39bdff000-7fd39bffe000 ---p 00002000 08:02 398151                     /lib/x86_64-linux-gnu/libutil-2.27.so
7fd39bffe000-7fd39bfff000 r--p 00001000 08:02 398151                     /lib/x86_64-linux-gnu/libutil-2.27.so
7fd39bfff000-7fd39c000000 rw-p 00002000 08:02 398151                     /lib/x86_64-linux-gnu/libutil-2.27.so
7fd39c000000-7fd39d3e2000 rw-p 00000000 00:00 0 
7fd39d3e2000-7fd3a0000000 ---p 00000000 00:00 0 
7fd3a0000000-7fd3a03ae000 rw-p 00000000 00:00 0 
7fd3a03ae000-7fd3a4000000 ---p 00000000 00:00 0 
7fd3a4000000-7fd3a4021000 rw-p 00000000 00:00 0 
7fd3a4021000-7fd3a8000000 ---p 00000000 00:00 0 
7fd3a8000000-7fd3a8021000 rw-p 00000000 00:00 0 
7fd3a8021000-7fd3ac000000 ---p 00000000 00:00 0 
7fd3ac000000-7fd3ac021000 rw-p 00000000 00:00 0 
7fd3ac021000-7fd3b0000000 ---p 00000000 00:00 0 
7fd3b0000000-7fd3b0021000 rw-p 00000000 00:00 0 
7fd3b0021000-7fd3b4000000 ---p 00000000 00:00 0 
7fd3b4000000-7fd3b4021000 rw-p 00000000 00:00 0 
7fd3b4021000-7fd3b8000000 ---p 00000000 00:00 0 
7fd3b8000000-7fd3b81c2000 rw-p 00000000 00:00 0 
7fd3b81c2000-7fd3bc000000 ---p 00000000 00:00 0 
7fd3bc000000-7fd3bc021000 rw-p 00000000 00:00 0 
7fd3bc021000-7fd3c0000000 ---p 00000000 00:00 0 
7fd3c0000000-7fd3c0021000 rw-p 00000000 00:00 0 
7fd3c0021000-7fd3c4000000 ---p 00000000 00:00 0 
7fd3c4000000-7fd3c484b000 rw-p 00000000 00:00 0 
7fd3c484b000-7fd3c8000000 ---p 00000000 00:00 0 
7fd3c8000000-7fd3c8021000 rw-p 00000000 00:00 0 
7fd3c8021000-7fd3cc000000 ---p 00000000 00:00 0 
7fd3cc000000-7fd3cc021000 rw-p 00000000 00:00 0 
7fd3cc021000-7fd3d0000000 ---p 00000000 00:00 0 
7fd3d0000000-7fd3d0dad000 rw-p 00000000 00:00 0 
7fd3d0dad000-7fd3d4000000 ---p 00000000 00:00 0 
7fd3d4000000-7fd3d4021000 rw-p 00000000 00:00 0 
7fd3d4021000-7fd3d8000000 ---p 00000000 00:00 0 
7fd3d8000000-7fd3d8021000 rw-p 00000000 00:00 0 
7fd3d8021000-7fd3dc000000 ---p 00000000 00:00 0 
7fd3dc000000-7fd3dc021000 rw-p 00000000 00:00 0 
7fd3dc021000-7fd3e0000000 ---p 00000000 00:00 0 
7fd3e0000000-7fd3e0153000 rw-p 00000000 00:00 0 
7fd3e0153000-7fd3e4000000 ---p 00000000 00:00 0 
7fd3e4000000-7fd3e4021000 rw-p 00000000 00:00 0 
7fd3e4021000-7fd3e8000000 ---p 00000000 00:00 0 
7fd3e8000000-7fd3e8021000 rw-p 00000000 00:00 0 
7fd3e8021000-7fd3ec000000 ---p 00000000 00:00 0 
7fd3ec077000-7fd3ec07b000 ---p 00000000 00:00 0 
7fd3ec07b000-7fd3ec178000 rw-p 00000000 00:00 0 
7fd3ec178000-7fd3ec17b000 r-xp 00000000 08:02 7079084                    /tmp/libjansi-1.17.1-5379422525016043684.so
7fd3ec17b000-7fd3ec37a000 ---p 00003000 08:02 7079084                    /tmp/libjansi-1.17.1-5379422525016043684.so
7fd3ec37a000-7fd3ec37b000 rw-p 00002000 08:02 7079084                    /tmp/libjansi-1.17.1-5379422525016043684.so
7fd3ec37b000-7fd3ec37c000 ---p 00000000 00:00 0 
7fd3ec37c000-7fd3ec47d000 rw-p 00000000 00:00 0 
7fd3ec47d000-7fd3ec47e000 ---p 00000000 00:00 0 
7fd3ec47e000-7fd3ec57f000 rw-p 00000000 00:00 0 
7fd3ec57f000-7fd3ec580000 ---p 00000000 00:00 0 
7fd3ec580000-7fd3ec681000 rw-p 00000000 00:00 0 
7fd3ec681000-7fd3ec682000 ---p 00000000 00:00 0 
7fd3ec682000-7fd3ec783000 rw-p 00000000 00:00 0 
7fd3ec783000-7fd3ec784000 ---p 00000000 00:00 0 
7fd3ec784000-7fd3eca85000 rw-p 00000000 00:00 0 
7fd3eca85000-7fd3eca9c000 r-xp 00000000 08:02 398125                     /lib/x86_64-linux-gnu/libresolv-2.27.so
7fd3eca9c000-7fd3ecc9c000 ---p 00017000 08:02 398125                     /lib/x86_64-linux-gnu/libresolv-2.27.so
7fd3ecc9c000-7fd3ecc9d000 r--p 00017000 08:02 398125                     /lib/x86_64-linux-gnu/libresolv-2.27.so
7fd3ecc9d000-7fd3ecc9e000 rw-p 00018000 08:02 398125                     /lib/x86_64-linux-gnu/libresolv-2.27.so
7fd3ecc9e000-7fd3ecca0000 rw-p 00000000 00:00 0 
7fd3ecca0000-7fd3ecca5000 r-xp 00000000 08:02 398074                     /lib/x86_64-linux-gnu/libnss_dns-2.27.so
7fd3ecca5000-7fd3ecea5000 ---p 00005000 08:02 398074                     /lib/x86_64-linux-gnu/libnss_dns-2.27.so
7fd3ecea5000-7fd3ecea6000 r--p 00005000 08:02 398074                     /lib/x86_64-linux-gnu/libnss_dns-2.27.so
7fd3ecea6000-7fd3ecea7000 rw-p 00006000 08:02 398074                     /lib/x86_64-linux-gnu/libnss_dns-2.27.so
7fd3ecea7000-7fd3ecea9000 r-xp 00000000 08:02 398082                     /lib/x86_64-linux-gnu/libnss_mdns4_minimal.so.2
7fd3ecea9000-7fd3ed0a8000 ---p 00002000 08:02 398082                     /lib/x86_64-linux-gnu/libnss_mdns4_minimal.so.2
7fd3ed0a8000-7fd3ed0a9000 r--p 00001000 08:02 398082                     /lib/x86_64-linux-gnu/libnss_mdns4_minimal.so.2
7fd3ed0a9000-7fd3ed0aa000 rw-p 00002000 08:02 398082                     /lib/x86_64-linux-gnu/libnss_mdns4_minimal.so.2
7fd3ed0aa000-7fd3ed2aa000 rw-p 00000000 00:00 0 
7fd3ed2aa000-7fd3ed2ac000 r-xp 00000000 08:02 7080474                    /usr/lib/jvm/java-11-oracle/lib/libextnet.so
7fd3ed2ac000-7fd3ed4ab000 ---p 00002000 08:02 7080474                    /usr/lib/jvm/java-11-oracle/lib/libextnet.so
7fd3ed4ab000-7fd3ed4ac000 r--p 00001000 08:02 7080474                    /usr/lib/jvm/java-11-oracle/lib/libextnet.so
7fd3ed4ac000-7fd3ed4ad000 rw-p 00002000 08:02 7080474                    /usr/lib/jvm/java-11-oracle/lib/libextnet.so
7fd3ed4ad000-7fd3ed4b1000 ---p 00000000 00:00 0 
7fd3ed4b1000-7fd3ed7ae000 rw-p 00000000 00:00 0 
7fd3ed7ae000-7fd3ed7ee000 r-xp 00000000 08:02 7080509                    /usr/lib/jvm/java-11-oracle/lib/libsunec.so
7fd3ed7ee000-7fd3ed9ed000 ---p 00040000 08:02 7080509                    /usr/lib/jvm/java-11-oracle/lib/libsunec.so
7fd3ed9ed000-7fd3ed9f2000 r--p 0003f000 08:02 7080509                    /usr/lib/jvm/java-11-oracle/lib/libsunec.so
7fd3ed9f2000-7fd3ed9f4000 rw-p 00044000 08:02 7080509                    /usr/lib/jvm/java-11-oracle/lib/libsunec.so
7fd3ed9f4000-7fd3eda0a000 r-xp 00000000 08:02 7080502                    /usr/lib/jvm/java-11-oracle/lib/libnet.so
7fd3eda0a000-7fd3edc0a000 ---p 00016000 08:02 7080502                    /usr/lib/jvm/java-11-oracle/lib/libnet.so
7fd3edc0a000-7fd3edc0b000 r--p 00016000 08:02 7080502                    /usr/lib/jvm/java-11-oracle/lib/libnet.so
7fd3edc0b000-7fd3edc0c000 rw-p 00017000 08:02 7080502                    /usr/lib/jvm/java-11-oracle/lib/libnet.so
7fd3edc0c000-7fd3edc1c000 r-xp 00000000 08:02 7080503                    /usr/lib/jvm/java-11-oracle/lib/libnio.so
7fd3edc1c000-7fd3ede1b000 ---p 00010000 08:02 7080503                    /usr/lib/jvm/java-11-oracle/lib/libnio.so
7fd3ede1b000-7fd3ede1c000 r--p 0000f000 08:02 7080503                    /usr/lib/jvm/java-11-oracle/lib/libnio.so
7fd3ede1c000-7fd3ede1d000 rw-p 00010000 08:02 7080503                    /usr/lib/jvm/java-11-oracle/lib/libnio.so
7fd3ede1d000-7fd3ede21000 ---p 00000000 00:00 0 
7fd3ede21000-7fd3edf1e000 rw-p 00000000 00:00 0 
7fd3edf1e000-7fd3edf1f000 ---p 00000000 00:00 0 
7fd3edf1f000-7fd3ee020000 rw-p 00000000 00:00 0 
7fd3ee020000-7fd3ee024000 ---p 00000000 00:00 0 
7fd3ee024000-7fd3ee121000 rw-p 00000000 00:00 0 
7fd3ee121000-7fd3ee125000 ---p 00000000 00:00 0 
7fd3ee125000-7fd3ee222000 rw-p 00000000 00:00 0 
7fd3ee222000-7fd3ee226000 ---p 00000000 00:00 0 
7fd3ee226000-7fd3ee323000 rw-p 00000000 00:00 0 
7fd3ee323000-7fd3ee327000 ---p 00000000 00:00 0 
7fd3ee327000-7fd3ee424000 rw-p 00000000 00:00 0 
7fd3ee424000-7fd3ee428000 ---p 00000000 00:00 0 
7fd3ee428000-7fd3ee525000 rw-p 00000000 00:00 0 
7fd3ee525000-7fd3eeef4000 r--p 00000000 08:02 6953676                    /usr/lib/locale/locale-archive
7fd3eeef4000-7fd3eeef8000 ---p 00000000 00:00 0 
7fd3eeef8000-7fd3eeff5000 rw-p 00000000 00:00 0 
7fd3eeff5000-7fd3eeff9000 ---p 00000000 00:00 0 
7fd3eeff9000-7fd3ef0f6000 rw-p 00000000 00:00 0 
7fd3ef0f6000-7fd3ef0f7000 ---p 00000000 00:00 0 
7fd3ef0f7000-7fd3ef9f8000 rw-p 00000000 00:00 0 
7fd3ef9f8000-7fd3ef9f9000 ---p 00000000 00:00 0 
7fd3ef9f9000-7fd3efafa000 rw-p 00000000 00:00 0 
7fd3efafa000-7fd3efafb000 ---p 00000000 00:00 0 
7fd3efafb000-7fd3f0000000 rw-p 00000000 00:00 0 
7fd3f0000000-7fd3f0021000 rw-p 00000000 00:00 0 
7fd3f0021000-7fd3f4000000 ---p 00000000 00:00 0 
7fd3f400f000-7fd3f6444000 rw-p 00000000 00:00 0 
7fd3f6444000-7fd3f6445000 ---p 00000000 00:00 0 
7fd3f6445000-7fd3f6546000 rw-p 00000000 00:00 0 
7fd3f6546000-7fd3f6547000 ---p 00000000 00:00 0 
7fd3f6547000-7fd3f6b31000 rw-p 00000000 00:00 0 
7fd3f6b31000-7fd3fa579000 ---p 00000000 00:00 0 
7fd3fa579000-7fd3fa961000 rw-p 00000000 00:00 0 
7fd3fa961000-7fd3fe3a9000 ---p 00000000 00:00 0 
7fd3fe3a9000-7fd3fe426000 rw-p 00000000 00:00 0 
7fd3fe426000-7fd3feb6f000 ---p 00000000 00:00 0 
7fd3feb6f000-7fd3febec000 rw-p 00000000 00:00 0 
7fd3febec000-7fd3ff335000 ---p 00000000 00:00 0 
7fd3ff335000-7fd3ff3b2000 rw-p 00000000 00:00 0 
7fd3ff3b2000-7fd3ffafb000 ---p 00000000 00:00 0 
7fd3ffafb000-7fd400000000 rw-p 00000000 00:00 0 
7fd400000000-7fd400021000 rw-p 00000000 00:00 0 
7fd400021000-7fd404000000 ---p 00000000 00:00 0 
7fd404030000-7fd404333000 rw-p 00000000 00:00 0 
7fd404333000-7fd404334000 ---p 00000000 00:00 0 
7fd404334000-7fd40443a000 rw-p 00000000 00:00 0 
7fd40443a000-7fd404520000 ---p 00000000 00:00 0 
7fd404520000-7fd404530000 rw-p 00000000 00:00 0 
7fd404530000-7fd40460b000 ---p 00000000 00:00 0 
7fd40460b000-7fd40487b000 rwxp 00000000 00:00 0 
7fd40487b000-7fd404b9c000 ---p 00000000 00:00 0 
7fd404b9c000-7fd40533c000 rwxp 00000000 00:00 0 
7fd40533c000-7fd40c0d3000 ---p 00000000 00:00 0 
7fd40c0d3000-7fd40c343000 rwxp 00000000 00:00 0 
7fd40c343000-7fd41360b000 ---p 00000000 00:00 0 
7fd41360b000-7fd41b9c9000 r--s 00000000 08:02 7080513                    /usr/lib/jvm/java-11-oracle/lib/modules
7fd41b9c9000-7fd41b9e4000 r-xp 00000000 08:02 7080494                    /usr/lib/jvm/java-11-oracle/lib/libjimage.so
7fd41b9e4000-7fd41bbe3000 ---p 0001b000 08:02 7080494                    /usr/lib/jvm/java-11-oracle/lib/libjimage.so
7fd41bbe3000-7fd41bbe5000 r--p 0001a000 08:02 7080494                    /usr/lib/jvm/java-11-oracle/lib/libjimage.so
7fd41bbe5000-7fd41bbe6000 rw-p 0001c000 08:02 7080494                    /usr/lib/jvm/java-11-oracle/lib/libjimage.so
7fd41bbe6000-7fd41bbed000 r-xp 00000000 08:02 7080512                    /usr/lib/jvm/java-11-oracle/lib/libzip.so
7fd41bbed000-7fd41bdec000 ---p 00007000 08:02 7080512                    /usr/lib/jvm/java-11-oracle/lib/libzip.so
7fd41bdec000-7fd41bded000 r--p 00006000 08:02 7080512                    /usr/lib/jvm/java-11-oracle/lib/libzip.so
7fd41bded000-7fd41bdee000 rw-p 00007000 08:02 7080512                    /usr/lib/jvm/java-11-oracle/lib/libzip.so
7fd41bdee000-7fd41bdf9000 r-xp 00000000 08:02 398076                     /lib/x86_64-linux-gnu/libnss_files-2.27.so
7fd41bdf9000-7fd41bff8000 ---p 0000b000 08:02 398076                     /lib/x86_64-linux-gnu/libnss_files-2.27.so
7fd41bff8000-7fd41bff9000 r--p 0000a000 08:02 398076                     /lib/x86_64-linux-gnu/libnss_files-2.27.so
7fd41bff9000-7fd41bffa000 rw-p 0000b000 08:02 398076                     /lib/x86_64-linux-gnu/libnss_files-2.27.so
7fd41bffa000-7fd41c000000 rw-p 00000000 00:00 0 
7fd41c000000-7fd41ce3f000 rw-p 00000000 00:00 0 
7fd41ce3f000-7fd420000000 ---p 00000000 00:00 0 
7fd420002000-7fd420006000 ---p 00000000 00:00 0 
7fd420006000-7fd4200a5000 rw-p 00000000 00:00 0 
7fd4200a5000-7fd4200bc000 r-xp 00000000 08:02 398070                     /lib/x86_64-linux-gnu/libnsl-2.27.so
7fd4200bc000-7fd4202bb000 ---p 00017000 08:02 398070                     /lib/x86_64-linux-gnu/libnsl-2.27.so
7fd4202bb000-7fd4202bc000 r--p 00016000 08:02 398070                     /lib/x86_64-linux-gnu/libnsl-2.27.so
7fd4202bc000-7fd4202bd000 rw-p 00017000 08:02 398070                     /lib/x86_64-linux-gnu/libnsl-2.27.so
7fd4202bd000-7fd4202bf000 rw-p 00000000 00:00 0 
7fd4202bf000-7fd4202ca000 r-xp 00000000 08:02 398087                     /lib/x86_64-linux-gnu/libnss_nis-2.27.so
7fd4202ca000-7fd4204c9000 ---p 0000b000 08:02 398087                     /lib/x86_64-linux-gnu/libnss_nis-2.27.so
7fd4204c9000-7fd4204ca000 r--p 0000a000 08:02 398087                     /lib/x86_64-linux-gnu/libnss_nis-2.27.so
7fd4204ca000-7fd4204cb000 rw-p 0000b000 08:02 398087                     /lib/x86_64-linux-gnu/libnss_nis-2.27.so
7fd4204cb000-7fd4204d3000 r-xp 00000000 08:02 398072                     /lib/x86_64-linux-gnu/libnss_compat-2.27.so
7fd4204d3000-7fd4206d3000 ---p 00008000 08:02 398072                     /lib/x86_64-linux-gnu/libnss_compat-2.27.so
7fd4206d3000-7fd4206d4000 r--p 00008000 08:02 398072                     /lib/x86_64-linux-gnu/libnss_compat-2.27.so
7fd4206d4000-7fd4206d5000 rw-p 00009000 08:02 398072                     /lib/x86_64-linux-gnu/libnss_compat-2.27.so
7fd4206d5000-7fd4206fe000 r-xp 00000000 08:02 7080489                    /usr/lib/jvm/java-11-oracle/lib/libjava.so
7fd4206fe000-7fd4208fe000 ---p 00029000 08:02 7080489                    /usr/lib/jvm/java-11-oracle/lib/libjava.so
7fd4208fe000-7fd4208ff000 r--p 00029000 08:02 7080489                    /usr/lib/jvm/java-11-oracle/lib/libjava.so
7fd4208ff000-7fd420901000 rw-p 0002a000 08:02 7080489                    /usr/lib/jvm/java-11-oracle/lib/libjava.so
7fd420901000-7fd42090e000 r-xp 00000000 08:02 7080511                    /usr/lib/jvm/java-11-oracle/lib/libverify.so
7fd42090e000-7fd420b0d000 ---p 0000d000 08:02 7080511                    /usr/lib/jvm/java-11-oracle/lib/libverify.so
7fd420b0d000-7fd420b0f000 r--p 0000c000 08:02 7080511                    /usr/lib/jvm/java-11-oracle/lib/libverify.so
7fd420b0f000-7fd420b10000 rw-p 0000e000 08:02 7080511                    /usr/lib/jvm/java-11-oracle/lib/libverify.so
7fd420b10000-7fd420b17000 r-xp 00000000 08:02 398127                     /lib/x86_64-linux-gnu/librt-2.27.so
7fd420b17000-7fd420d16000 ---p 00007000 08:02 398127                     /lib/x86_64-linux-gnu/librt-2.27.so
7fd420d16000-7fd420d17000 r--p 00006000 08:02 398127                     /lib/x86_64-linux-gnu/librt-2.27.so
7fd420d17000-7fd420d18000 rw-p 00007000 08:02 398127                     /lib/x86_64-linux-gnu/librt-2.27.so
7fd420d18000-7fd420eb5000 r-xp 00000000 08:02 398049                     /lib/x86_64-linux-gnu/libm-2.27.so
7fd420eb5000-7fd4210b4000 ---p 0019d000 08:02 398049                     /lib/x86_64-linux-gnu/libm-2.27.so
7fd4210b4000-7fd4210b5000 r--p 0019c000 08:02 398049                     /lib/x86_64-linux-gnu/libm-2.27.so
7fd4210b5000-7fd4210b6000 rw-p 0019d000 08:02 398049                     /lib/x86_64-linux-gnu/libm-2.27.so
7fd4210b6000-7fd4221f5000 r-xp 00000000 08:02 7999393                    /usr/lib/jvm/java-11-oracle/lib/server/libjvm.so
7fd4221f5000-7fd4223f5000 ---p 0113f000 08:02 7999393                    /usr/lib/jvm/java-11-oracle/lib/server/libjvm.so
7fd4223f5000-7fd4224b4000 r--p 0113f000 08:02 7999393                    /usr/lib/jvm/java-11-oracle/lib/server/libjvm.so
7fd4224b4000-7fd4224ed000 rw-p 011fe000 08:02 7999393                    /usr/lib/jvm/java-11-oracle/lib/server/libjvm.so
7fd4224ed000-7fd422543000 rw-p 00000000 00:00 0 
7fd422543000-7fd42272a000 r-xp 00000000 08:02 397986                     /lib/x86_64-linux-gnu/libc-2.27.so
7fd42272a000-7fd42292a000 ---p 001e7000 08:02 397986                     /lib/x86_64-linux-gnu/libc-2.27.so
7fd42292a000-7fd42292e000 r--p 001e7000 08:02 397986                     /lib/x86_64-linux-gnu/libc-2.27.so
7fd42292e000-7fd422930000 rw-p 001eb000 08:02 397986                     /lib/x86_64-linux-gnu/libc-2.27.so
7fd422930000-7fd422934000 rw-p 00000000 00:00 0 
7fd422934000-7fd422937000 r-xp 00000000 08:02 398009                     /lib/x86_64-linux-gnu/libdl-2.27.so
7fd422937000-7fd422b36000 ---p 00003000 08:02 398009                     /lib/x86_64-linux-gnu/libdl-2.27.so
7fd422b36000-7fd422b37000 r--p 00002000 08:02 398009                     /lib/x86_64-linux-gnu/libdl-2.27.so
7fd422b37000-7fd422b38000 rw-p 00003000 08:02 398009                     /lib/x86_64-linux-gnu/libdl-2.27.so
7fd422b38000-7fd422b48000 r-xp 00000000 08:02 7999384                    /usr/lib/jvm/java-11-oracle/lib/jli/libjli.so
7fd422b48000-7fd422d47000 ---p 00010000 08:02 7999384                    /usr/lib/jvm/java-11-oracle/lib/jli/libjli.so
7fd422d47000-7fd422d48000 r--p 0000f000 08:02 7999384                    /usr/lib/jvm/java-11-oracle/lib/jli/libjli.so
7fd422d48000-7fd422d49000 rw-p 00010000 08:02 7999384                    /usr/lib/jvm/java-11-oracle/lib/jli/libjli.so
7fd422d49000-7fd422d63000 r-xp 00000000 08:02 398119                     /lib/x86_64-linux-gnu/libpthread-2.27.so
7fd422d63000-7fd422f62000 ---p 0001a000 08:02 398119                     /lib/x86_64-linux-gnu/libpthread-2.27.so
7fd422f62000-7fd422f63000 r--p 00019000 08:02 398119                     /lib/x86_64-linux-gnu/libpthread-2.27.so
7fd422f63000-7fd422f64000 rw-p 0001a000 08:02 398119                     /lib/x86_64-linux-gnu/libpthread-2.27.so
7fd422f64000-7fd422f68000 rw-p 00000000 00:00 0 
7fd422f68000-7fd422f84000 r-xp 00000000 08:02 398158                     /lib/x86_64-linux-gnu/libz.so.1.2.11
7fd422f84000-7fd423183000 ---p 0001c000 08:02 398158                     /lib/x86_64-linux-gnu/libz.so.1.2.11
7fd423183000-7fd423184000 r--p 0001b000 08:02 398158                     /lib/x86_64-linux-gnu/libz.so.1.2.11
7fd423184000-7fd423185000 rw-p 0001c000 08:02 398158                     /lib/x86_64-linux-gnu/libz.so.1.2.11
7fd423185000-7fd4231ac000 r-xp 00000000 08:02 397958                     /lib/x86_64-linux-gnu/ld-2.27.so
7fd4231c7000-7fd42328c000 rw-p 00000000 00:00 0 
7fd42328c000-7fd423290000 ---p 00000000 00:00 0 
7fd423290000-7fd423391000 rw-p 00000000 00:00 0 
7fd423396000-7fd42339b000 rw-p 00000000 00:00 0 
7fd42339b000-7fd4233a2000 ---p 00000000 00:00 0 
7fd4233a2000-7fd4233aa000 rw-s 00000000 08:02 9575036                    /tmp/hsperfdata_victorloureiro/7437
7fd4233aa000-7fd4233ab000 ---p 00000000 00:00 0 
7fd4233ab000-7fd4233ac000 r--p 00000000 00:00 0 
7fd4233ac000-7fd4233ad000 r--p 00027000 08:02 397958                     /lib/x86_64-linux-gnu/ld-2.27.so
7fd4233ad000-7fd4233ae000 rw-p 00028000 08:02 397958                     /lib/x86_64-linux-gnu/ld-2.27.so
7fd4233ae000-7fd4233af000 rw-p 00000000 00:00 0 
7fff2a878000-7fff2a89a000 rw-p 00000000 00:00 0                          [stack]
7fff2a9bb000-7fff2a9be000 r--p 00000000 00:00 0                          [vvar]
7fff2a9be000-7fff2a9c0000 r-xp 00000000 00:00 0                          [vdso]
ffffffffff600000-ffffffffff601000 r-xp 00000000 00:00 0                  [vsyscall]


VM Arguments:
jvm_args: -Dmaven.home=/app/simios -Dmaven.multiModuleProjectDirectory=/app/simios/project-simios-ml 
java_command: org.apache.maven.wrapper.MavenWrapperMain spring-boot:run
java_class_path (initial): /app/simios/project-simios-ml/.mvn/wrapper/maven-wrapper.jar
Launcher Type: SUN_STANDARD

[Global flags]
     intx CICompilerCount                          = 4                                         {product} {ergonomic}
     uint ConcGCThreads                            = 2                                         {product} {ergonomic}
     uint G1ConcRefinementThreads                  = 8                                         {product} {ergonomic}
   size_t G1HeapRegionSize                         = 1048576                                   {product} {ergonomic}
    uintx GCDrainStackTargetSize                   = 64                                        {product} {ergonomic}
   size_t InitialHeapSize                          = 262144000                                 {product} {ergonomic}
   size_t MarkStackSize                            = 4194304                                   {product} {ergonomic}
   size_t MaxHeapSize                              = 4173332480                                {product} {ergonomic}
   size_t MaxNewSize                               = 2503999488                                {product} {ergonomic}
   size_t MinHeapDeltaBytes                        = 1048576                                   {product} {ergonomic}
    uintx NonNMethodCodeHeapSize                   = 5835340                                {pd product} {ergonomic}
    uintx NonProfiledCodeHeapSize                  = 122911450                              {pd product} {ergonomic}
    uintx ProfiledCodeHeapSize                     = 122911450                              {pd product} {ergonomic}
    uintx ReservedCodeCacheSize                    = 251658240                              {pd product} {ergonomic}
     bool SegmentedCodeCache                       = true                                      {product} {ergonomic}
     bool UseCompressedClassPointers               = true                                 {lp64_product} {ergonomic}
     bool UseCompressedOops                        = true                                 {lp64_product} {ergonomic}
     bool UseG1GC                                  = true                                      {product} {ergonomic}

Logging:
Log output configuration:
 #0: stdout all=warning uptime,level,tags
 #1: stderr all=off uptime,level,tags

Environment Variables:
JAVA_HOME=/usr/lib/jvm/java-11-oracle
PATH=/home/victorloureiro/bin:/usr/local/bin:/home/victorloureiro/.local/bin:/usr/local/sbin:/usr/local/bin:/usr/sbin:/usr/bin:/sbin:/bin:/usr/games:/usr/local/games:/snap/bin:/usr/lib/jvm/java-11-oracle/bin:/usr/lib/jvm/java-11-oracle/db/bin:/home/victorloureiro/.local/bin
USERNAME=victorloureiro
SHELL=/usr/bin/zsh
DISPLAY=:0

Signal Handlers:
SIGSEGV: [libjvm.so+0xe2adf0], sa_mask[0]=11111111011111111101111111111110, sa_flags=SA_RESTART|SA_SIGINFO
SIGBUS: [libjvm.so+0xe2adf0], sa_mask[0]=11111111011111111101111111111110, sa_flags=SA_RESTART|SA_SIGINFO
SIGFPE: [libjvm.so+0xe2adf0], sa_mask[0]=11111111011111111101111111111110, sa_flags=SA_RESTART|SA_SIGINFO
SIGPIPE: [libjvm.so+0xbff5b0], sa_mask[0]=11111111011111111101111111111110, sa_flags=SA_RESTART|SA_SIGINFO
SIGXFSZ: [libjvm.so+0xbff5b0], sa_mask[0]=11111111011111111101111111111110, sa_flags=SA_RESTART|SA_SIGINFO
SIGILL: [libjvm.so+0xe2adf0], sa_mask[0]=11111111011111111101111111111110, sa_flags=SA_RESTART|SA_SIGINFO
SIGUSR2: [libjvm.so+0xbff450], sa_mask[0]=00000000000000000000000000000000, sa_flags=SA_RESTART|SA_SIGINFO
SIGHUP: [libjvm.so+0xbff7b0], sa_mask[0]=11111111011111111101111111111110, sa_flags=SA_RESTART|SA_SIGINFO
SIGINT: [libjvm.so+0xbff7b0], sa_mask[0]=11111111011111111101111111111110, sa_flags=SA_RESTART|SA_SIGINFO
SIGTERM: [libjvm.so+0xbff7b0], sa_mask[0]=11111111011111111101111111111110, sa_flags=SA_RESTART|SA_SIGINFO
SIGQUIT: [libjvm.so+0xbff7b0], sa_mask[0]=11111111011111111101111111111110, sa_flags=SA_RESTART|SA_SIGINFO


---------------  S Y S T E M  ---------------

OS:DISTRIB_ID=Ubuntu
DISTRIB_RELEASE=18.04
DISTRIB_CODENAME=bionic
DISTRIB_DESCRIPTION="Ubuntu 18.04.2 LTS"
uname:Linux 4.15.0-54-generic #58-Ubuntu SMP Mon Jun 24 10:55:24 UTC 2019 x86_64
libc:glibc 2.27 NPTL 2.27 
rlimit: STACK 8192k, CORE 0k, NPROC 63299, NOFILE 1048576, AS infinity, DATA infinity, FSIZE infinity
load average:38,13 26,14 12,81

/proc/meminfo:
MemTotal:       16297724 kB
MemFree:          224320 kB
MemAvailable:     307820 kB
Buffers:           19668 kB
Cached:           875572 kB
SwapCached:         7452 kB
Active:         13185876 kB
Inactive:        2082100 kB
Active(anon):   13138744 kB
Inactive(anon):  1848032 kB
Active(file):      47132 kB
Inactive(file):   234068 kB
Unevictable:          64 kB
Mlocked:              64 kB
SwapTotal:       2097148 kB
SwapFree:          21480 kB
Dirty:               116 kB
Writeback:          1104 kB
AnonPages:      14367692 kB
Mapped:           350864 kB
Shmem:            613700 kB
Slab:             418408 kB
SReclaimable:     111980 kB
SUnreclaim:       306428 kB
KernelStack:       29856 kB
PageTables:       142188 kB
NFS_Unstable:          0 kB
Bounce:                0 kB
WritebackTmp:          0 kB
CommitLimit:    10246008 kB
Committed_AS:   31366924 kB
VmallocTotal:   34359738367 kB
VmallocUsed:           0 kB
VmallocChunk:          0 kB
HardwareCorrupted:     0 kB
AnonHugePages:    776192 kB
ShmemHugePages:        0 kB
ShmemPmdMapped:        0 kB
CmaTotal:              0 kB
CmaFree:               0 kB
HugePages_Total:       0
HugePages_Free:        0
HugePages_Rsvd:        0
HugePages_Surp:        0
Hugepagesize:       2048 kB
DirectMap4k:      649140 kB
DirectMap2M:    16001024 kB
DirectMap1G:           0 kB


/proc/sys/kernel/threads-max (system-wide limit on the number of threads):
126598


/proc/sys/vm/max_map_count (maximum number of memory map areas a process may have):
65530


/proc/sys/kernel/pid_max (system-wide limit on number of process identifiers):
32768



container (cgroup) information:
container_type: cgroupv1
cpu_cpuset_cpus: 0-7
cpu_memory_nodes: 0
active_processor_count: 8
cpu_quota: -1
cpu_period: 100000
cpu_shares: -1
memory_limit_in_bytes: -1
memory_and_swap_limit_in_bytes: -2
memory_soft_limit_in_bytes: -1
memory_usage_in_bytes: 8933605376
memory_max_usage_in_bytes: 10452307968


CPU:total 8 (initial active 8) (4 cores per cpu, 2 threads per core) family 6 model 142 stepping 10, cmov, cx8, fxsr, mmx, sse, sse2, sse3, ssse3, sse4.1, sse4.2, popcnt, avx, avx2, aes, clmul, erms, 3dnowpref, lzcnt, ht, tsc, tscinvbit, bmi1, bmi2, adx, fma
CPU Model and flags from /proc/cpuinfo:
model name	: Intel(R) Core(TM) i7-8550U CPU @ 1.80GHz
flags		: fpu vme de pse tsc msr pae mce cx8 apic sep mtrr pge mca cmov pat pse36 clflush dts acpi mmx fxsr sse sse2 ss ht tm pbe syscall nx pdpe1gb rdtscp lm constant_tsc art arch_perfmon pebs bts rep_good nopl xtopology nonstop_tsc cpuid aperfmperf tsc_known_freq pni pclmulqdq dtes64 monitor ds_cpl vmx est tm2 ssse3 sdbg fma cx16 xtpr pdcm pcid sse4_1 sse4_2 x2apic movbe popcnt tsc_deadline_timer aes xsave avx f16c rdrand lahf_lm abm 3dnowprefetch cpuid_fault epb invpcid_single pti ssbd ibrs ibpb stibp tpr_shadow vnmi flexpriority ept vpid fsgsbase tsc_adjust bmi1 avx2 smep bmi2 erms invpcid mpx rdseed adx smap clflushopt intel_pt xsaveopt xsavec xgetbv1 xsaves dtherm ida arat pln pts hwp hwp_notify hwp_act_window hwp_epp md_clear flush_l1d

Memory: 4k page, physical 16297724k(224072k free), swap 2097148k(21480k free)

vm_info: Java HotSpot(TM) 64-Bit Server VM (11.0.2+9-LTS) for linux-amd64 JRE (11.0.2+9-LTS), built on Jan 17 2019 21:22:50 by "mach5one" with gcc 7.3.0

END.
